  [1m[36m (1.5ms)[0m  [1mDROP DATABASE IF EXISTS "newyears_test"[0m
  [1m[35m (407.1ms)[0m  CREATE DATABASE "newyears_test" ENCODING = 'unicode'
  [1m[36m (41.3ms)[0m  [1mCREATE TABLE "goals" ("id" serial primary key, "title" character varying(255), "description" text, "frequency" character varying(255), "created_at" timestamp, "updated_at" timestamp) [0m
  [1m[35m (3.7ms)[0m  CREATE TABLE "posts" ("id" serial primary key, "title" character varying(255), "body" text, "created_at" timestamp, "updated_at" timestamp) 
  [1m[36m (26.0ms)[0m  [1mCREATE TABLE "users" ("id" serial primary key, "email" character varying(255) DEFAULT '' NOT NULL, "encrypted_password" character varying(255) DEFAULT '' NOT NULL, "reset_password_token" character varying(255), "reset_password_sent_at" timestamp, "remember_created_at" timestamp, "sign_in_count" integer DEFAULT 0 NOT NULL, "current_sign_in_at" timestamp, "last_sign_in_at" timestamp, "current_sign_in_ip" character varying(255), "last_sign_in_ip" character varying(255), "created_at" timestamp, "updated_at" timestamp) [0m
  [1m[35m (1.1ms)[0m  CREATE UNIQUE INDEX "index_users_on_email" ON "users" ("email")
  [1m[36m (1.0ms)[0m  [1mCREATE UNIQUE INDEX "index_users_on_reset_password_token" ON "users" ("reset_password_token")[0m
  [1m[35m (6.2ms)[0m  CREATE TABLE "schema_migrations" ("version" character varying(255) NOT NULL) 
  [1m[36m (16.2ms)[0m  [1mCREATE UNIQUE INDEX "unique_schema_migrations" ON "schema_migrations" ("version")[0m
  [1m[35m (0.4ms)[0m  SELECT version FROM "schema_migrations"
  [1m[36m (0.7ms)[0m  [1mINSERT INTO "schema_migrations" (version) VALUES ('20140307192128')[0m
  [1m[35m (0.4ms)[0m  INSERT INTO "schema_migrations" (version) VALUES ('20140211230655')
  [1m[36m (0.3ms)[0m  [1mINSERT INTO "schema_migrations" (version) VALUES ('20140303054526')[0m
  [1m[35mActiveRecord::SchemaMigration Load (0.2ms)[0m  SELECT "schema_migrations".* FROM "schema_migrations"


Started GET "/" for 127.0.0.1 at 2014-03-08 17:48:33 -0800

PG::Error (FATAL:  database "newyears_development" does not exist
):
  activerecord (4.0.2) lib/active_record/connection_adapters/postgresql_adapter.rb:831:in `initialize'
  activerecord (4.0.2) lib/active_record/connection_adapters/postgresql_adapter.rb:831:in `new'
  activerecord (4.0.2) lib/active_record/connection_adapters/postgresql_adapter.rb:831:in `connect'
  activerecord (4.0.2) lib/active_record/connection_adapters/postgresql_adapter.rb:548:in `initialize'
  activerecord (4.0.2) lib/active_record/connection_adapters/postgresql_adapter.rb:41:in `new'
  activerecord (4.0.2) lib/active_record/connection_adapters/postgresql_adapter.rb:41:in `postgresql_connection'
  activerecord (4.0.2) lib/active_record/connection_adapters/abstract/connection_pool.rb:440:in `new_connection'
  activerecord (4.0.2) lib/active_record/connection_adapters/abstract/connection_pool.rb:450:in `checkout_new_connection'
  activerecord (4.0.2) lib/active_record/connection_adapters/abstract/connection_pool.rb:421:in `acquire_connection'
  activerecord (4.0.2) lib/active_record/connection_adapters/abstract/connection_pool.rb:356:in `block in checkout'
  /usr/local/rvm/rubies/ruby-2.0.0-p353/lib/ruby/2.0.0/monitor.rb:211:in `mon_synchronize'
  activerecord (4.0.2) lib/active_record/connection_adapters/abstract/connection_pool.rb:355:in `checkout'
  activerecord (4.0.2) lib/active_record/connection_adapters/abstract/connection_pool.rb:265:in `block in connection'
  /usr/local/rvm/rubies/ruby-2.0.0-p353/lib/ruby/2.0.0/monitor.rb:211:in `mon_synchronize'
  activerecord (4.0.2) lib/active_record/connection_adapters/abstract/connection_pool.rb:264:in `connection'
  activerecord (4.0.2) lib/active_record/connection_adapters/abstract/connection_pool.rb:546:in `retrieve_connection'
  activerecord (4.0.2) lib/active_record/connection_handling.rb:79:in `retrieve_connection'
  activerecord (4.0.2) lib/active_record/connection_handling.rb:53:in `connection'
  activerecord (4.0.2) lib/active_record/migration.rb:792:in `current_version'
  activerecord (4.0.2) lib/active_record/migration.rb:800:in `needs_migration?'
  activerecord (4.0.2) lib/active_record/migration.rb:379:in `check_pending!'
  activerecord (4.0.2) lib/active_record/migration.rb:366:in `call'
  actionpack (4.0.2) lib/action_dispatch/middleware/callbacks.rb:29:in `block in call'
  activesupport (4.0.2) lib/active_support/callbacks.rb:373:in `_run__2472675987769422715__call__callbacks'
  activesupport (4.0.2) lib/active_support/callbacks.rb:80:in `run_callbacks'
  actionpack (4.0.2) lib/action_dispatch/middleware/callbacks.rb:27:in `call'
  actionpack (4.0.2) lib/action_dispatch/middleware/reloader.rb:64:in `call'
  actionpack (4.0.2) lib/action_dispatch/middleware/remote_ip.rb:76:in `call'
  actionpack (4.0.2) lib/action_dispatch/middleware/debug_exceptions.rb:17:in `call'
  actionpack (4.0.2) lib/action_dispatch/middleware/show_exceptions.rb:30:in `call'
  railties (4.0.2) lib/rails/rack/logger.rb:38:in `call_app'
  railties (4.0.2) lib/rails/rack/logger.rb:20:in `block in call'
  activesupport (4.0.2) lib/active_support/tagged_logging.rb:67:in `block in tagged'
  activesupport (4.0.2) lib/active_support/tagged_logging.rb:25:in `tagged'
  activesupport (4.0.2) lib/active_support/tagged_logging.rb:67:in `tagged'
  railties (4.0.2) lib/rails/rack/logger.rb:20:in `call'
  actionpack (4.0.2) lib/action_dispatch/middleware/request_id.rb:21:in `call'
  rack (1.5.2) lib/rack/methodoverride.rb:21:in `call'
  rack (1.5.2) lib/rack/runtime.rb:17:in `call'
  activesupport (4.0.2) lib/active_support/cache/strategy/local_cache.rb:83:in `call'
  rack (1.5.2) lib/rack/lock.rb:17:in `call'
  actionpack (4.0.2) lib/action_dispatch/middleware/static.rb:64:in `call'
  rack (1.5.2) lib/rack/sendfile.rb:112:in `call'
  railties (4.0.2) lib/rails/engine.rb:511:in `call'
  railties (4.0.2) lib/rails/application.rb:97:in `call'
  rack (1.5.2) lib/rack/lock.rb:17:in `call'
  rack (1.5.2) lib/rack/content_length.rb:14:in `call'
  rack (1.5.2) lib/rack/handler/webrick.rb:60:in `service'
  /usr/local/rvm/rubies/ruby-2.0.0-p353/lib/ruby/2.0.0/webrick/httpserver.rb:138:in `service'
  /usr/local/rvm/rubies/ruby-2.0.0-p353/lib/ruby/2.0.0/webrick/httpserver.rb:94:in `run'
  /usr/local/rvm/rubies/ruby-2.0.0-p353/lib/ruby/2.0.0/webrick/server.rb:295:in `block in start_thread'


  Rendered /usr/local/rvm/gems/ruby-2.0.0-p353/gems/actionpack-4.0.2/lib/action_dispatch/middleware/templates/rescues/_source.erb (0.9ms)
  Rendered /usr/local/rvm/gems/ruby-2.0.0-p353/gems/actionpack-4.0.2/lib/action_dispatch/middleware/templates/rescues/_trace.erb (26.8ms)
  Rendered /usr/local/rvm/gems/ruby-2.0.0-p353/gems/actionpack-4.0.2/lib/action_dispatch/middleware/templates/rescues/_request_and_response.erb (1.0ms)
  Rendered /usr/local/rvm/gems/ruby-2.0.0-p353/gems/actionpack-4.0.2/lib/action_dispatch/middleware/templates/rescues/diagnostics.erb within rescues/layout (44.6ms)


Started GET "/" for 127.0.0.1 at 2014-03-08 17:49:01 -0800

PG::Error (FATAL:  database "newyears_development" does not exist
):
  activerecord (4.0.2) lib/active_record/connection_adapters/postgresql_adapter.rb:831:in `initialize'
  activerecord (4.0.2) lib/active_record/connection_adapters/postgresql_adapter.rb:831:in `new'
  activerecord (4.0.2) lib/active_record/connection_adapters/postgresql_adapter.rb:831:in `connect'
  activerecord (4.0.2) lib/active_record/connection_adapters/postgresql_adapter.rb:548:in `initialize'
  activerecord (4.0.2) lib/active_record/connection_adapters/postgresql_adapter.rb:41:in `new'
  activerecord (4.0.2) lib/active_record/connection_adapters/postgresql_adapter.rb:41:in `postgresql_connection'
  activerecord (4.0.2) lib/active_record/connection_adapters/abstract/connection_pool.rb:440:in `new_connection'
  activerecord (4.0.2) lib/active_record/connection_adapters/abstract/connection_pool.rb:450:in `checkout_new_connection'
  activerecord (4.0.2) lib/active_record/connection_adapters/abstract/connection_pool.rb:421:in `acquire_connection'
  activerecord (4.0.2) lib/active_record/connection_adapters/abstract/connection_pool.rb:356:in `block in checkout'
  /usr/local/rvm/rubies/ruby-2.0.0-p353/lib/ruby/2.0.0/monitor.rb:211:in `mon_synchronize'
  activerecord (4.0.2) lib/active_record/connection_adapters/abstract/connection_pool.rb:355:in `checkout'
  activerecord (4.0.2) lib/active_record/connection_adapters/abstract/connection_pool.rb:265:in `block in connection'
  /usr/local/rvm/rubies/ruby-2.0.0-p353/lib/ruby/2.0.0/monitor.rb:211:in `mon_synchronize'
  activerecord (4.0.2) lib/active_record/connection_adapters/abstract/connection_pool.rb:264:in `connection'
  activerecord (4.0.2) lib/active_record/connection_adapters/abstract/connection_pool.rb:546:in `retrieve_connection'
  activerecord (4.0.2) lib/active_record/connection_handling.rb:79:in `retrieve_connection'
  activerecord (4.0.2) lib/active_record/connection_handling.rb:53:in `connection'
  activerecord (4.0.2) lib/active_record/migration.rb:792:in `current_version'
  activerecord (4.0.2) lib/active_record/migration.rb:800:in `needs_migration?'
  activerecord (4.0.2) lib/active_record/migration.rb:379:in `check_pending!'
  activerecord (4.0.2) lib/active_record/migration.rb:366:in `call'
  actionpack (4.0.2) lib/action_dispatch/middleware/callbacks.rb:29:in `block in call'
  activesupport (4.0.2) lib/active_support/callbacks.rb:373:in `_run__2472675987769422715__call__callbacks'
  activesupport (4.0.2) lib/active_support/callbacks.rb:80:in `run_callbacks'
  actionpack (4.0.2) lib/action_dispatch/middleware/callbacks.rb:27:in `call'
  actionpack (4.0.2) lib/action_dispatch/middleware/reloader.rb:64:in `call'
  actionpack (4.0.2) lib/action_dispatch/middleware/remote_ip.rb:76:in `call'
  actionpack (4.0.2) lib/action_dispatch/middleware/debug_exceptions.rb:17:in `call'
  actionpack (4.0.2) lib/action_dispatch/middleware/show_exceptions.rb:30:in `call'
  railties (4.0.2) lib/rails/rack/logger.rb:38:in `call_app'
  railties (4.0.2) lib/rails/rack/logger.rb:20:in `block in call'
  activesupport (4.0.2) lib/active_support/tagged_logging.rb:67:in `block in tagged'
  activesupport (4.0.2) lib/active_support/tagged_logging.rb:25:in `tagged'
  activesupport (4.0.2) lib/active_support/tagged_logging.rb:67:in `tagged'
  railties (4.0.2) lib/rails/rack/logger.rb:20:in `call'
  actionpack (4.0.2) lib/action_dispatch/middleware/request_id.rb:21:in `call'
  rack (1.5.2) lib/rack/methodoverride.rb:21:in `call'
  rack (1.5.2) lib/rack/runtime.rb:17:in `call'
  activesupport (4.0.2) lib/active_support/cache/strategy/local_cache.rb:83:in `call'
  rack (1.5.2) lib/rack/lock.rb:17:in `call'
  actionpack (4.0.2) lib/action_dispatch/middleware/static.rb:64:in `call'
  rack (1.5.2) lib/rack/sendfile.rb:112:in `call'
  railties (4.0.2) lib/rails/engine.rb:511:in `call'
  railties (4.0.2) lib/rails/application.rb:97:in `call'
  rack (1.5.2) lib/rack/lock.rb:17:in `call'
  rack (1.5.2) lib/rack/content_length.rb:14:in `call'
  rack (1.5.2) lib/rack/handler/webrick.rb:60:in `service'
  /usr/local/rvm/rubies/ruby-2.0.0-p353/lib/ruby/2.0.0/webrick/httpserver.rb:138:in `service'
  /usr/local/rvm/rubies/ruby-2.0.0-p353/lib/ruby/2.0.0/webrick/httpserver.rb:94:in `run'
  /usr/local/rvm/rubies/ruby-2.0.0-p353/lib/ruby/2.0.0/webrick/server.rb:295:in `block in start_thread'


  Rendered /usr/local/rvm/gems/ruby-2.0.0-p353/gems/actionpack-4.0.2/lib/action_dispatch/middleware/templates/rescues/_source.erb (0.6ms)
  Rendered /usr/local/rvm/gems/ruby-2.0.0-p353/gems/actionpack-4.0.2/lib/action_dispatch/middleware/templates/rescues/_trace.erb (1.1ms)
  Rendered /usr/local/rvm/gems/ruby-2.0.0-p353/gems/actionpack-4.0.2/lib/action_dispatch/middleware/templates/rescues/_request_and_response.erb (1.0ms)
  Rendered /usr/local/rvm/gems/ruby-2.0.0-p353/gems/actionpack-4.0.2/lib/action_dispatch/middleware/templates/rescues/diagnostics.erb within rescues/layout (15.8ms)


Started GET "/" for 127.0.0.1 at 2014-03-08 17:49:03 -0800

PG::Error (FATAL:  database "newyears_development" does not exist
):
  activerecord (4.0.2) lib/active_record/connection_adapters/postgresql_adapter.rb:831:in `initialize'
  activerecord (4.0.2) lib/active_record/connection_adapters/postgresql_adapter.rb:831:in `new'
  activerecord (4.0.2) lib/active_record/connection_adapters/postgresql_adapter.rb:831:in `connect'
  activerecord (4.0.2) lib/active_record/connection_adapters/postgresql_adapter.rb:548:in `initialize'
  activerecord (4.0.2) lib/active_record/connection_adapters/postgresql_adapter.rb:41:in `new'
  activerecord (4.0.2) lib/active_record/connection_adapters/postgresql_adapter.rb:41:in `postgresql_connection'
  activerecord (4.0.2) lib/active_record/connection_adapters/abstract/connection_pool.rb:440:in `new_connection'
  activerecord (4.0.2) lib/active_record/connection_adapters/abstract/connection_pool.rb:450:in `checkout_new_connection'
  activerecord (4.0.2) lib/active_record/connection_adapters/abstract/connection_pool.rb:421:in `acquire_connection'
  activerecord (4.0.2) lib/active_record/connection_adapters/abstract/connection_pool.rb:356:in `block in checkout'
  /usr/local/rvm/rubies/ruby-2.0.0-p353/lib/ruby/2.0.0/monitor.rb:211:in `mon_synchronize'
  activerecord (4.0.2) lib/active_record/connection_adapters/abstract/connection_pool.rb:355:in `checkout'
  activerecord (4.0.2) lib/active_record/connection_adapters/abstract/connection_pool.rb:265:in `block in connection'
  /usr/local/rvm/rubies/ruby-2.0.0-p353/lib/ruby/2.0.0/monitor.rb:211:in `mon_synchronize'
  activerecord (4.0.2) lib/active_record/connection_adapters/abstract/connection_pool.rb:264:in `connection'
  activerecord (4.0.2) lib/active_record/connection_adapters/abstract/connection_pool.rb:546:in `retrieve_connection'
  activerecord (4.0.2) lib/active_record/connection_handling.rb:79:in `retrieve_connection'
  activerecord (4.0.2) lib/active_record/connection_handling.rb:53:in `connection'
  activerecord (4.0.2) lib/active_record/migration.rb:792:in `current_version'
  activerecord (4.0.2) lib/active_record/migration.rb:800:in `needs_migration?'
  activerecord (4.0.2) lib/active_record/migration.rb:379:in `check_pending!'
  activerecord (4.0.2) lib/active_record/migration.rb:366:in `call'
  actionpack (4.0.2) lib/action_dispatch/middleware/callbacks.rb:29:in `block in call'
  activesupport (4.0.2) lib/active_support/callbacks.rb:373:in `_run__2472675987769422715__call__callbacks'
  activesupport (4.0.2) lib/active_support/callbacks.rb:80:in `run_callbacks'
  actionpack (4.0.2) lib/action_dispatch/middleware/callbacks.rb:27:in `call'
  actionpack (4.0.2) lib/action_dispatch/middleware/reloader.rb:64:in `call'
  actionpack (4.0.2) lib/action_dispatch/middleware/remote_ip.rb:76:in `call'
  actionpack (4.0.2) lib/action_dispatch/middleware/debug_exceptions.rb:17:in `call'
  actionpack (4.0.2) lib/action_dispatch/middleware/show_exceptions.rb:30:in `call'
  railties (4.0.2) lib/rails/rack/logger.rb:38:in `call_app'
  railties (4.0.2) lib/rails/rack/logger.rb:20:in `block in call'
  activesupport (4.0.2) lib/active_support/tagged_logging.rb:67:in `block in tagged'
  activesupport (4.0.2) lib/active_support/tagged_logging.rb:25:in `tagged'
  activesupport (4.0.2) lib/active_support/tagged_logging.rb:67:in `tagged'
  railties (4.0.2) lib/rails/rack/logger.rb:20:in `call'
  actionpack (4.0.2) lib/action_dispatch/middleware/request_id.rb:21:in `call'
  rack (1.5.2) lib/rack/methodoverride.rb:21:in `call'
  rack (1.5.2) lib/rack/runtime.rb:17:in `call'
  activesupport (4.0.2) lib/active_support/cache/strategy/local_cache.rb:83:in `call'
  rack (1.5.2) lib/rack/lock.rb:17:in `call'
  actionpack (4.0.2) lib/action_dispatch/middleware/static.rb:64:in `call'
  rack (1.5.2) lib/rack/sendfile.rb:112:in `call'
  railties (4.0.2) lib/rails/engine.rb:511:in `call'
  railties (4.0.2) lib/rails/application.rb:97:in `call'
  rack (1.5.2) lib/rack/lock.rb:17:in `call'
  rack (1.5.2) lib/rack/content_length.rb:14:in `call'
  rack (1.5.2) lib/rack/handler/webrick.rb:60:in `service'
  /usr/local/rvm/rubies/ruby-2.0.0-p353/lib/ruby/2.0.0/webrick/httpserver.rb:138:in `service'
  /usr/local/rvm/rubies/ruby-2.0.0-p353/lib/ruby/2.0.0/webrick/httpserver.rb:94:in `run'
  /usr/local/rvm/rubies/ruby-2.0.0-p353/lib/ruby/2.0.0/webrick/server.rb:295:in `block in start_thread'


  Rendered /usr/local/rvm/gems/ruby-2.0.0-p353/gems/actionpack-4.0.2/lib/action_dispatch/middleware/templates/rescues/_source.erb (0.8ms)
  Rendered /usr/local/rvm/gems/ruby-2.0.0-p353/gems/actionpack-4.0.2/lib/action_dispatch/middleware/templates/rescues/_trace.erb (1.4ms)
  Rendered /usr/local/rvm/gems/ruby-2.0.0-p353/gems/actionpack-4.0.2/lib/action_dispatch/middleware/templates/rescues/_request_and_response.erb (1.4ms)
  Rendered /usr/local/rvm/gems/ruby-2.0.0-p353/gems/actionpack-4.0.2/lib/action_dispatch/middleware/templates/rescues/diagnostics.erb within rescues/layout (18.6ms)


Started GET "/" for 127.0.0.1 at 2014-03-08 17:49:04 -0800

PG::Error (FATAL:  database "newyears_development" does not exist
):
  activerecord (4.0.2) lib/active_record/connection_adapters/postgresql_adapter.rb:831:in `initialize'
  activerecord (4.0.2) lib/active_record/connection_adapters/postgresql_adapter.rb:831:in `new'
  activerecord (4.0.2) lib/active_record/connection_adapters/postgresql_adapter.rb:831:in `connect'
  activerecord (4.0.2) lib/active_record/connection_adapters/postgresql_adapter.rb:548:in `initialize'
  activerecord (4.0.2) lib/active_record/connection_adapters/postgresql_adapter.rb:41:in `new'
  activerecord (4.0.2) lib/active_record/connection_adapters/postgresql_adapter.rb:41:in `postgresql_connection'
  activerecord (4.0.2) lib/active_record/connection_adapters/abstract/connection_pool.rb:440:in `new_connection'
  activerecord (4.0.2) lib/active_record/connection_adapters/abstract/connection_pool.rb:450:in `checkout_new_connection'
  activerecord (4.0.2) lib/active_record/connection_adapters/abstract/connection_pool.rb:421:in `acquire_connection'
  activerecord (4.0.2) lib/active_record/connection_adapters/abstract/connection_pool.rb:356:in `block in checkout'
  /usr/local/rvm/rubies/ruby-2.0.0-p353/lib/ruby/2.0.0/monitor.rb:211:in `mon_synchronize'
  activerecord (4.0.2) lib/active_record/connection_adapters/abstract/connection_pool.rb:355:in `checkout'
  activerecord (4.0.2) lib/active_record/connection_adapters/abstract/connection_pool.rb:265:in `block in connection'
  /usr/local/rvm/rubies/ruby-2.0.0-p353/lib/ruby/2.0.0/monitor.rb:211:in `mon_synchronize'
  activerecord (4.0.2) lib/active_record/connection_adapters/abstract/connection_pool.rb:264:in `connection'
  activerecord (4.0.2) lib/active_record/connection_adapters/abstract/connection_pool.rb:546:in `retrieve_connection'
  activerecord (4.0.2) lib/active_record/connection_handling.rb:79:in `retrieve_connection'
  activerecord (4.0.2) lib/active_record/connection_handling.rb:53:in `connection'
  activerecord (4.0.2) lib/active_record/migration.rb:792:in `current_version'
  activerecord (4.0.2) lib/active_record/migration.rb:800:in `needs_migration?'
  activerecord (4.0.2) lib/active_record/migration.rb:379:in `check_pending!'
  activerecord (4.0.2) lib/active_record/migration.rb:366:in `call'
  actionpack (4.0.2) lib/action_dispatch/middleware/callbacks.rb:29:in `block in call'
  activesupport (4.0.2) lib/active_support/callbacks.rb:373:in `_run__2472675987769422715__call__callbacks'
  activesupport (4.0.2) lib/active_support/callbacks.rb:80:in `run_callbacks'
  actionpack (4.0.2) lib/action_dispatch/middleware/callbacks.rb:27:in `call'
  actionpack (4.0.2) lib/action_dispatch/middleware/reloader.rb:64:in `call'
  actionpack (4.0.2) lib/action_dispatch/middleware/remote_ip.rb:76:in `call'
  actionpack (4.0.2) lib/action_dispatch/middleware/debug_exceptions.rb:17:in `call'
  actionpack (4.0.2) lib/action_dispatch/middleware/show_exceptions.rb:30:in `call'
  railties (4.0.2) lib/rails/rack/logger.rb:38:in `call_app'
  railties (4.0.2) lib/rails/rack/logger.rb:20:in `block in call'
  activesupport (4.0.2) lib/active_support/tagged_logging.rb:67:in `block in tagged'
  activesupport (4.0.2) lib/active_support/tagged_logging.rb:25:in `tagged'
  activesupport (4.0.2) lib/active_support/tagged_logging.rb:67:in `tagged'
  railties (4.0.2) lib/rails/rack/logger.rb:20:in `call'
  actionpack (4.0.2) lib/action_dispatch/middleware/request_id.rb:21:in `call'
  rack (1.5.2) lib/rack/methodoverride.rb:21:in `call'
  rack (1.5.2) lib/rack/runtime.rb:17:in `call'
  activesupport (4.0.2) lib/active_support/cache/strategy/local_cache.rb:83:in `call'
  rack (1.5.2) lib/rack/lock.rb:17:in `call'
  actionpack (4.0.2) lib/action_dispatch/middleware/static.rb:64:in `call'
  rack (1.5.2) lib/rack/sendfile.rb:112:in `call'
  railties (4.0.2) lib/rails/engine.rb:511:in `call'
  railties (4.0.2) lib/rails/application.rb:97:in `call'
  rack (1.5.2) lib/rack/lock.rb:17:in `call'
  rack (1.5.2) lib/rack/content_length.rb:14:in `call'
  rack (1.5.2) lib/rack/handler/webrick.rb:60:in `service'
  /usr/local/rvm/rubies/ruby-2.0.0-p353/lib/ruby/2.0.0/webrick/httpserver.rb:138:in `service'
  /usr/local/rvm/rubies/ruby-2.0.0-p353/lib/ruby/2.0.0/webrick/httpserver.rb:94:in `run'
  /usr/local/rvm/rubies/ruby-2.0.0-p353/lib/ruby/2.0.0/webrick/server.rb:295:in `block in start_thread'


  Rendered /usr/local/rvm/gems/ruby-2.0.0-p353/gems/actionpack-4.0.2/lib/action_dispatch/middleware/templates/rescues/_source.erb (0.9ms)
  Rendered /usr/local/rvm/gems/ruby-2.0.0-p353/gems/actionpack-4.0.2/lib/action_dispatch/middleware/templates/rescues/_trace.erb (1.0ms)
  Rendered /usr/local/rvm/gems/ruby-2.0.0-p353/gems/actionpack-4.0.2/lib/action_dispatch/middleware/templates/rescues/_request_and_response.erb (1.5ms)
  Rendered /usr/local/rvm/gems/ruby-2.0.0-p353/gems/actionpack-4.0.2/lib/action_dispatch/middleware/templates/rescues/diagnostics.erb within rescues/layout (16.7ms)


Started GET "/" for 127.0.0.1 at 2014-03-08 17:49:04 -0800

PG::Error (FATAL:  database "newyears_development" does not exist
):
  activerecord (4.0.2) lib/active_record/connection_adapters/postgresql_adapter.rb:831:in `initialize'
  activerecord (4.0.2) lib/active_record/connection_adapters/postgresql_adapter.rb:831:in `new'
  activerecord (4.0.2) lib/active_record/connection_adapters/postgresql_adapter.rb:831:in `connect'
  activerecord (4.0.2) lib/active_record/connection_adapters/postgresql_adapter.rb:548:in `initialize'
  activerecord (4.0.2) lib/active_record/connection_adapters/postgresql_adapter.rb:41:in `new'
  activerecord (4.0.2) lib/active_record/connection_adapters/postgresql_adapter.rb:41:in `postgresql_connection'
  activerecord (4.0.2) lib/active_record/connection_adapters/abstract/connection_pool.rb:440:in `new_connection'
  activerecord (4.0.2) lib/active_record/connection_adapters/abstract/connection_pool.rb:450:in `checkout_new_connection'
  activerecord (4.0.2) lib/active_record/connection_adapters/abstract/connection_pool.rb:421:in `acquire_connection'
  activerecord (4.0.2) lib/active_record/connection_adapters/abstract/connection_pool.rb:356:in `block in checkout'
  /usr/local/rvm/rubies/ruby-2.0.0-p353/lib/ruby/2.0.0/monitor.rb:211:in `mon_synchronize'
  activerecord (4.0.2) lib/active_record/connection_adapters/abstract/connection_pool.rb:355:in `checkout'
  activerecord (4.0.2) lib/active_record/connection_adapters/abstract/connection_pool.rb:265:in `block in connection'
  /usr/local/rvm/rubies/ruby-2.0.0-p353/lib/ruby/2.0.0/monitor.rb:211:in `mon_synchronize'
  activerecord (4.0.2) lib/active_record/connection_adapters/abstract/connection_pool.rb:264:in `connection'
  activerecord (4.0.2) lib/active_record/connection_adapters/abstract/connection_pool.rb:546:in `retrieve_connection'
  activerecord (4.0.2) lib/active_record/connection_handling.rb:79:in `retrieve_connection'
  activerecord (4.0.2) lib/active_record/connection_handling.rb:53:in `connection'
  activerecord (4.0.2) lib/active_record/migration.rb:792:in `current_version'
  activerecord (4.0.2) lib/active_record/migration.rb:800:in `needs_migration?'
  activerecord (4.0.2) lib/active_record/migration.rb:379:in `check_pending!'
  activerecord (4.0.2) lib/active_record/migration.rb:366:in `call'
  actionpack (4.0.2) lib/action_dispatch/middleware/callbacks.rb:29:in `block in call'
  activesupport (4.0.2) lib/active_support/callbacks.rb:373:in `_run__2472675987769422715__call__callbacks'
  activesupport (4.0.2) lib/active_support/callbacks.rb:80:in `run_callbacks'
  actionpack (4.0.2) lib/action_dispatch/middleware/callbacks.rb:27:in `call'
  actionpack (4.0.2) lib/action_dispatch/middleware/reloader.rb:64:in `call'
  actionpack (4.0.2) lib/action_dispatch/middleware/remote_ip.rb:76:in `call'
  actionpack (4.0.2) lib/action_dispatch/middleware/debug_exceptions.rb:17:in `call'
  actionpack (4.0.2) lib/action_dispatch/middleware/show_exceptions.rb:30:in `call'
  railties (4.0.2) lib/rails/rack/logger.rb:38:in `call_app'
  railties (4.0.2) lib/rails/rack/logger.rb:20:in `block in call'
  activesupport (4.0.2) lib/active_support/tagged_logging.rb:67:in `block in tagged'
  activesupport (4.0.2) lib/active_support/tagged_logging.rb:25:in `tagged'
  activesupport (4.0.2) lib/active_support/tagged_logging.rb:67:in `tagged'
  railties (4.0.2) lib/rails/rack/logger.rb:20:in `call'
  actionpack (4.0.2) lib/action_dispatch/middleware/request_id.rb:21:in `call'
  rack (1.5.2) lib/rack/methodoverride.rb:21:in `call'
  rack (1.5.2) lib/rack/runtime.rb:17:in `call'
  activesupport (4.0.2) lib/active_support/cache/strategy/local_cache.rb:83:in `call'
  rack (1.5.2) lib/rack/lock.rb:17:in `call'
  actionpack (4.0.2) lib/action_dispatch/middleware/static.rb:64:in `call'
  rack (1.5.2) lib/rack/sendfile.rb:112:in `call'
  railties (4.0.2) lib/rails/engine.rb:511:in `call'
  railties (4.0.2) lib/rails/application.rb:97:in `call'
  rack (1.5.2) lib/rack/lock.rb:17:in `call'
  rack (1.5.2) lib/rack/content_length.rb:14:in `call'
  rack (1.5.2) lib/rack/handler/webrick.rb:60:in `service'
  /usr/local/rvm/rubies/ruby-2.0.0-p353/lib/ruby/2.0.0/webrick/httpserver.rb:138:in `service'
  /usr/local/rvm/rubies/ruby-2.0.0-p353/lib/ruby/2.0.0/webrick/httpserver.rb:94:in `run'
  /usr/local/rvm/rubies/ruby-2.0.0-p353/lib/ruby/2.0.0/webrick/server.rb:295:in `block in start_thread'


  Rendered /usr/local/rvm/gems/ruby-2.0.0-p353/gems/actionpack-4.0.2/lib/action_dispatch/middleware/templates/rescues/_source.erb (1.0ms)
  Rendered /usr/local/rvm/gems/ruby-2.0.0-p353/gems/actionpack-4.0.2/lib/action_dispatch/middleware/templates/rescues/_trace.erb (1.9ms)
  Rendered /usr/local/rvm/gems/ruby-2.0.0-p353/gems/actionpack-4.0.2/lib/action_dispatch/middleware/templates/rescues/_request_and_response.erb (1.4ms)
  Rendered /usr/local/rvm/gems/ruby-2.0.0-p353/gems/actionpack-4.0.2/lib/action_dispatch/middleware/templates/rescues/diagnostics.erb within rescues/layout (20.7ms)


Started GET "/" for 127.0.0.1 at 2014-03-08 17:52:32 -0800

ActiveRecord::PendingMigrationError (Migrations are pending; run 'bin/rake db:migrate RAILS_ENV=development' to resolve this issue.):
  activerecord (4.0.2) lib/active_record/migration.rb:379:in `check_pending!'
  activerecord (4.0.2) lib/active_record/migration.rb:366:in `call'
  actionpack (4.0.2) lib/action_dispatch/middleware/callbacks.rb:29:in `block in call'
  activesupport (4.0.2) lib/active_support/callbacks.rb:373:in `_run__2472675987769422715__call__callbacks'
  activesupport (4.0.2) lib/active_support/callbacks.rb:80:in `run_callbacks'
  actionpack (4.0.2) lib/action_dispatch/middleware/callbacks.rb:27:in `call'
  actionpack (4.0.2) lib/action_dispatch/middleware/reloader.rb:64:in `call'
  actionpack (4.0.2) lib/action_dispatch/middleware/remote_ip.rb:76:in `call'
  actionpack (4.0.2) lib/action_dispatch/middleware/debug_exceptions.rb:17:in `call'
  actionpack (4.0.2) lib/action_dispatch/middleware/show_exceptions.rb:30:in `call'
  railties (4.0.2) lib/rails/rack/logger.rb:38:in `call_app'
  railties (4.0.2) lib/rails/rack/logger.rb:20:in `block in call'
  activesupport (4.0.2) lib/active_support/tagged_logging.rb:67:in `block in tagged'
  activesupport (4.0.2) lib/active_support/tagged_logging.rb:25:in `tagged'
  activesupport (4.0.2) lib/active_support/tagged_logging.rb:67:in `tagged'
  railties (4.0.2) lib/rails/rack/logger.rb:20:in `call'
  actionpack (4.0.2) lib/action_dispatch/middleware/request_id.rb:21:in `call'
  rack (1.5.2) lib/rack/methodoverride.rb:21:in `call'
  rack (1.5.2) lib/rack/runtime.rb:17:in `call'
  activesupport (4.0.2) lib/active_support/cache/strategy/local_cache.rb:83:in `call'
  rack (1.5.2) lib/rack/lock.rb:17:in `call'
  actionpack (4.0.2) lib/action_dispatch/middleware/static.rb:64:in `call'
  rack (1.5.2) lib/rack/sendfile.rb:112:in `call'
  railties (4.0.2) lib/rails/engine.rb:511:in `call'
  railties (4.0.2) lib/rails/application.rb:97:in `call'
  rack (1.5.2) lib/rack/lock.rb:17:in `call'
  rack (1.5.2) lib/rack/content_length.rb:14:in `call'
  rack (1.5.2) lib/rack/handler/webrick.rb:60:in `service'
  /usr/local/rvm/rubies/ruby-2.0.0-p353/lib/ruby/2.0.0/webrick/httpserver.rb:138:in `service'
  /usr/local/rvm/rubies/ruby-2.0.0-p353/lib/ruby/2.0.0/webrick/httpserver.rb:94:in `run'
  /usr/local/rvm/rubies/ruby-2.0.0-p353/lib/ruby/2.0.0/webrick/server.rb:295:in `block in start_thread'


  Rendered /usr/local/rvm/gems/ruby-2.0.0-p353/gems/actionpack-4.0.2/lib/action_dispatch/middleware/templates/rescues/_source.erb (0.7ms)
  Rendered /usr/local/rvm/gems/ruby-2.0.0-p353/gems/actionpack-4.0.2/lib/action_dispatch/middleware/templates/rescues/_trace.erb (1.2ms)
  Rendered /usr/local/rvm/gems/ruby-2.0.0-p353/gems/actionpack-4.0.2/lib/action_dispatch/middleware/templates/rescues/_request_and_response.erb (1.0ms)
  Rendered /usr/local/rvm/gems/ruby-2.0.0-p353/gems/actionpack-4.0.2/lib/action_dispatch/middleware/templates/rescues/diagnostics.erb within rescues/layout (18.5ms)
  [1m[36m (8.0ms)[0m  [1mCREATE TABLE "schema_migrations" ("version" character varying(255) NOT NULL) [0m
  [1m[35m (12.7ms)[0m  CREATE UNIQUE INDEX "unique_schema_migrations" ON "schema_migrations" ("version")
  [1m[36mActiveRecord::SchemaMigration Load (0.5ms)[0m  [1mSELECT "schema_migrations".* FROM "schema_migrations"[0m
Migrating to CreatePosts (20140211230655)
  [1m[35m (0.1ms)[0m  BEGIN
  [1m[36m (24.8ms)[0m  [1mCREATE TABLE "posts" ("id" serial primary key, "title" character varying(255), "body" text, "created_at" timestamp, "updated_at" timestamp) [0m
  [1m[35mSQL (6.9ms)[0m  INSERT INTO "schema_migrations" ("version") VALUES ($1)  [["version", "20140211230655"]]
  [1m[36m (6.1ms)[0m  [1mCOMMIT[0m
Migrating to CreateGoals (20140303054526)
  [1m[35m (5.9ms)[0m  BEGIN
  [1m[36m (17.6ms)[0m  [1mCREATE TABLE "goals" ("id" serial primary key, "title" character varying(255), "description" text, "frequency" character varying(255), "created_at" timestamp, "updated_at" timestamp) [0m
  [1m[35mSQL (0.3ms)[0m  INSERT INTO "schema_migrations" ("version") VALUES ($1)  [["version", "20140303054526"]]
  [1m[36m (0.6ms)[0m  [1mCOMMIT[0m
Migrating to DeviseCreateUsers (20140307192128)
  [1m[35m (6.1ms)[0m  BEGIN
  [1m[36m (16.3ms)[0m  [1mCREATE TABLE "users" ("id" serial primary key, "email" character varying(255) DEFAULT '' NOT NULL, "encrypted_password" character varying(255) DEFAULT '' NOT NULL, "reset_password_token" character varying(255), "reset_password_sent_at" timestamp, "remember_created_at" timestamp, "sign_in_count" integer DEFAULT 0 NOT NULL, "current_sign_in_at" timestamp, "last_sign_in_at" timestamp, "current_sign_in_ip" character varying(255), "last_sign_in_ip" character varying(255), "created_at" timestamp, "updated_at" timestamp) [0m
  [1m[35m (5.8ms)[0m  CREATE UNIQUE INDEX "index_users_on_email" ON "users" ("email")
  [1m[36m (1.0ms)[0m  [1mCREATE UNIQUE INDEX "index_users_on_reset_password_token" ON "users" ("reset_password_token")[0m
  [1m[35mSQL (0.2ms)[0m  INSERT INTO "schema_migrations" ("version") VALUES ($1)  [["version", "20140307192128"]]
  [1m[36m (0.5ms)[0m  [1mCOMMIT[0m
  [1m[35mActiveRecord::SchemaMigration Load (0.3ms)[0m  SELECT "schema_migrations".* FROM "schema_migrations"


Started GET "/" for 127.0.0.1 at 2014-03-08 17:52:46 -0800
  [1m[36mActiveRecord::SchemaMigration Load (0.4ms)[0m  [1mSELECT "schema_migrations".* FROM "schema_migrations"[0m
Processing by WelcomeController#index as HTML
  Rendered welcome/index.html.erb within layouts/application (0.8ms)
  Rendered devise/menu/_registration_items.html.erb (11.8ms)
  Rendered devise/menu/_login_items.html.erb (0.9ms)
Completed 200 OK in 350ms (Views: 321.7ms | ActiveRecord: 0.0ms)


Started GET "/assets/jquery.js?body=1" for 127.0.0.1 at 2014-03-08 17:52:46 -0800


Started GET "/assets/jquery_ujs.js?body=1" for 127.0.0.1 at 2014-03-08 17:52:46 -0800


Started GET "/assets/foundation/foundation.alerts.js?body=1" for 127.0.0.1 at 2014-03-08 17:52:46 -0800


Started GET "/assets/foundation/foundation.clearing.js?body=1" for 127.0.0.1 at 2014-03-08 17:52:46 -0800


Started GET "/assets/foundation/foundation.cookie.js?body=1" for 127.0.0.1 at 2014-03-08 17:52:46 -0800


Started GET "/assets/foundation/foundation.js?body=1" for 127.0.0.1 at 2014-03-08 17:52:46 -0800


Started GET "/assets/foundation/foundation.dropdown.js?body=1" for 127.0.0.1 at 2014-03-08 17:52:46 -0800


Started GET "/assets/foundation/foundation.forms.js?body=1" for 127.0.0.1 at 2014-03-08 17:52:46 -0800


Started GET "/assets/foundation/foundation.joyride.js?body=1" for 127.0.0.1 at 2014-03-08 17:52:46 -0800


Started GET "/assets/foundation/foundation.magellan.js?body=1" for 127.0.0.1 at 2014-03-08 17:52:46 -0800


Started GET "/assets/foundation/foundation.orbit.js?body=1" for 127.0.0.1 at 2014-03-08 17:52:46 -0800


Started GET "/assets/foundation/foundation.reveal.js?body=1" for 127.0.0.1 at 2014-03-08 17:52:46 -0800


Started GET "/assets/foundation/foundation.section.js?body=1" for 127.0.0.1 at 2014-03-08 17:52:46 -0800


Started GET "/assets/foundation/foundation.tooltips.js?body=1" for 127.0.0.1 at 2014-03-08 17:52:46 -0800


Started GET "/assets/foundation/foundation.topbar.js?body=1" for 127.0.0.1 at 2014-03-08 17:52:46 -0800


Started GET "/assets/foundation/foundation.interchange.js?body=1" for 127.0.0.1 at 2014-03-08 17:52:46 -0800


Started GET "/assets/foundation/foundation.placeholder.js?body=1" for 127.0.0.1 at 2014-03-08 17:52:46 -0800


Started GET "/assets/foundation/foundation.abide.js?body=1" for 127.0.0.1 at 2014-03-08 17:52:46 -0800


Started GET "/assets/foundation/index.js?body=1" for 127.0.0.1 at 2014-03-08 17:52:46 -0800


Started GET "/assets/turbolinks.js?body=1" for 127.0.0.1 at 2014-03-08 17:52:46 -0800


Started GET "/assets/goals.js?body=1" for 127.0.0.1 at 2014-03-08 17:52:46 -0800


Started GET "/assets/posts.js?body=1" for 127.0.0.1 at 2014-03-08 17:52:46 -0800


Started GET "/assets/welcome.js?body=1" for 127.0.0.1 at 2014-03-08 17:52:46 -0800


Started GET "/assets/application.js?body=1" for 127.0.0.1 at 2014-03-08 17:52:46 -0800


Started GET "/assets/application.css?body=1" for 127.0.0.1 at 2014-03-08 17:52:46 -0800


Started GET "/assets/foundation_and_overrides.css?body=1" for 127.0.0.1 at 2014-03-08 17:52:46 -0800


Started GET "/assets/posts.css?body=1" for 127.0.0.1 at 2014-03-08 17:52:46 -0800


Started GET "/assets/scaffolds.css?body=1" for 127.0.0.1 at 2014-03-08 17:52:46 -0800


Started GET "/assets/welcome.css?body=1" for 127.0.0.1 at 2014-03-08 17:52:46 -0800


Started GET "/assets/vendor/custom.modernizr.js?body=1" for 127.0.0.1 at 2014-03-08 17:52:46 -0800


Started GET "/assets/jquery.js?body=1" for 127.0.0.1 at 2014-03-08 17:52:46 -0800


Started GET "/assets/growing_tree_long.jpg" for 127.0.0.1 at 2014-03-08 17:52:46 -0800


Started GET "/assets/jquery_ujs.js?body=1" for 127.0.0.1 at 2014-03-08 17:52:47 -0800


Started GET "/assets/foundation/foundation.js?body=1" for 127.0.0.1 at 2014-03-08 17:52:47 -0800


Started GET "/assets/foundation/foundation.alerts.js?body=1" for 127.0.0.1 at 2014-03-08 17:52:47 -0800


Started GET "/assets/foundation/foundation.clearing.js?body=1" for 127.0.0.1 at 2014-03-08 17:52:47 -0800


Started GET "/assets/foundation/foundation.cookie.js?body=1" for 127.0.0.1 at 2014-03-08 17:52:47 -0800


Started GET "/assets/foundation/foundation.dropdown.js?body=1" for 127.0.0.1 at 2014-03-08 17:52:47 -0800


Started GET "/assets/foundation/foundation.forms.js?body=1" for 127.0.0.1 at 2014-03-08 17:52:47 -0800


Started GET "/assets/foundation/foundation.joyride.js?body=1" for 127.0.0.1 at 2014-03-08 17:52:47 -0800


Started GET "/assets/foundation/foundation.magellan.js?body=1" for 127.0.0.1 at 2014-03-08 17:52:47 -0800


Started GET "/assets/foundation/foundation.orbit.js?body=1" for 127.0.0.1 at 2014-03-08 17:52:47 -0800


Started GET "/assets/foundation/foundation.reveal.js?body=1" for 127.0.0.1 at 2014-03-08 17:52:47 -0800


Started GET "/assets/foundation/foundation.section.js?body=1" for 127.0.0.1 at 2014-03-08 17:52:47 -0800


Started GET "/assets/foundation/foundation.tooltips.js?body=1" for 127.0.0.1 at 2014-03-08 17:52:47 -0800


Started GET "/assets/foundation/foundation.topbar.js?body=1" for 127.0.0.1 at 2014-03-08 17:52:47 -0800


Started GET "/assets/foundation/foundation.interchange.js?body=1" for 127.0.0.1 at 2014-03-08 17:52:47 -0800


Started GET "/assets/foundation/foundation.placeholder.js?body=1" for 127.0.0.1 at 2014-03-08 17:52:47 -0800


Started GET "/assets/foundation/foundation.abide.js?body=1" for 127.0.0.1 at 2014-03-08 17:52:47 -0800


Started GET "/assets/foundation/index.js?body=1" for 127.0.0.1 at 2014-03-08 17:52:47 -0800


Started GET "/assets/turbolinks.js?body=1" for 127.0.0.1 at 2014-03-08 17:52:47 -0800


Started GET "/assets/goals.js?body=1" for 127.0.0.1 at 2014-03-08 17:52:47 -0800


Started GET "/assets/posts.js?body=1" for 127.0.0.1 at 2014-03-08 17:52:47 -0800


Started GET "/assets/welcome.js?body=1" for 127.0.0.1 at 2014-03-08 17:52:47 -0800


Started GET "/assets/application.js?body=1" for 127.0.0.1 at 2014-03-08 17:52:47 -0800


Started GET "/users/sign_up" for 127.0.0.1 at 2014-03-08 17:55:30 -0800
Processing by Devise::RegistrationsController#new as HTML
  Rendered devise/shared/_links.erb (1.4ms)
  Rendered devise/registrations/new.html.erb within layouts/application (106.1ms)
  Rendered devise/menu/_registration_items.html.erb (0.4ms)
  Rendered devise/menu/_login_items.html.erb (0.2ms)
Completed 200 OK in 137ms (Views: 127.9ms | ActiveRecord: 2.5ms)


Started GET "/assets/jquery.js?body=1" for 127.0.0.1 at 2014-03-08 17:55:31 -0800


Started GET "/assets/foundation/foundation.alerts.js?body=1" for 127.0.0.1 at 2014-03-08 17:55:31 -0800


Started GET "/assets/jquery_ujs.js?body=1" for 127.0.0.1 at 2014-03-08 17:55:31 -0800


Started GET "/assets/foundation/foundation.js?body=1" for 127.0.0.1 at 2014-03-08 17:55:31 -0800


Started GET "/assets/foundation/foundation.dropdown.js?body=1" for 127.0.0.1 at 2014-03-08 17:55:31 -0800


Started GET "/assets/foundation/foundation.forms.js?body=1" for 127.0.0.1 at 2014-03-08 17:55:31 -0800


Started GET "/assets/foundation/foundation.joyride.js?body=1" for 127.0.0.1 at 2014-03-08 17:55:31 -0800


Started GET "/assets/foundation/foundation.cookie.js?body=1" for 127.0.0.1 at 2014-03-08 17:55:31 -0800


Started GET "/assets/foundation/foundation.magellan.js?body=1" for 127.0.0.1 at 2014-03-08 17:55:31 -0800


Started GET "/assets/foundation/foundation.clearing.js?body=1" for 127.0.0.1 at 2014-03-08 17:55:31 -0800


Started GET "/assets/foundation/foundation.orbit.js?body=1" for 127.0.0.1 at 2014-03-08 17:55:31 -0800


Started GET "/assets/foundation/foundation.reveal.js?body=1" for 127.0.0.1 at 2014-03-08 17:55:31 -0800


Started GET "/assets/foundation/foundation.section.js?body=1" for 127.0.0.1 at 2014-03-08 17:55:31 -0800


Started GET "/assets/foundation/foundation.tooltips.js?body=1" for 127.0.0.1 at 2014-03-08 17:55:31 -0800


Started GET "/assets/foundation/foundation.topbar.js?body=1" for 127.0.0.1 at 2014-03-08 17:55:31 -0800


Started GET "/assets/foundation/foundation.interchange.js?body=1" for 127.0.0.1 at 2014-03-08 17:55:31 -0800


Started GET "/assets/foundation/foundation.placeholder.js?body=1" for 127.0.0.1 at 2014-03-08 17:55:31 -0800


Started GET "/assets/foundation/foundation.abide.js?body=1" for 127.0.0.1 at 2014-03-08 17:55:31 -0800


Started GET "/assets/foundation/index.js?body=1" for 127.0.0.1 at 2014-03-08 17:55:31 -0800


Started GET "/assets/turbolinks.js?body=1" for 127.0.0.1 at 2014-03-08 17:55:31 -0800


Started GET "/assets/posts.js?body=1" for 127.0.0.1 at 2014-03-08 17:55:31 -0800


Started GET "/assets/goals.js?body=1" for 127.0.0.1 at 2014-03-08 17:55:31 -0800


Started GET "/assets/welcome.js?body=1" for 127.0.0.1 at 2014-03-08 17:55:31 -0800


Started GET "/assets/application.js?body=1" for 127.0.0.1 at 2014-03-08 17:55:31 -0800


Started GET "/" for 127.0.0.1 at 2014-03-08 17:55:32 -0800
Processing by WelcomeController#index as HTML
  Rendered welcome/index.html.erb within layouts/application (1.4ms)
  Rendered devise/menu/_registration_items.html.erb (3.1ms)
  Rendered devise/menu/_login_items.html.erb (1.3ms)
Completed 200 OK in 43ms (Views: 41.6ms | ActiveRecord: 0.0ms)


Started GET "/" for 127.0.0.1 at 2014-03-08 17:55:32 -0800
Processing by WelcomeController#index as HTML
  Rendered welcome/index.html.erb within layouts/application (0.2ms)
  Rendered devise/menu/_registration_items.html.erb (0.4ms)
  Rendered devise/menu/_login_items.html.erb (0.3ms)
Completed 200 OK in 23ms (Views: 22.4ms | ActiveRecord: 0.0ms)


Started GET "/assets/jquery_ujs.js?body=1" for 127.0.0.1 at 2014-03-08 17:55:32 -0800


Started GET "/assets/jquery.js?body=1" for 127.0.0.1 at 2014-03-08 17:55:32 -0800


Started GET "/assets/foundation/foundation.alerts.js?body=1" for 127.0.0.1 at 2014-03-08 17:55:32 -0800


Started GET "/assets/foundation/foundation.js?body=1" for 127.0.0.1 at 2014-03-08 17:55:32 -0800


Started GET "/assets/foundation/foundation.clearing.js?body=1" for 127.0.0.1 at 2014-03-08 17:55:32 -0800


Started GET "/assets/foundation/foundation.cookie.js?body=1" for 127.0.0.1 at 2014-03-08 17:55:32 -0800


Started GET "/assets/foundation/foundation.dropdown.js?body=1" for 127.0.0.1 at 2014-03-08 17:55:32 -0800


Started GET "/assets/foundation/foundation.forms.js?body=1" for 127.0.0.1 at 2014-03-08 17:55:32 -0800


Started GET "/assets/foundation/foundation.joyride.js?body=1" for 127.0.0.1 at 2014-03-08 17:55:32 -0800


Started GET "/assets/foundation/foundation.magellan.js?body=1" for 127.0.0.1 at 2014-03-08 17:55:32 -0800


Started GET "/assets/foundation/foundation.orbit.js?body=1" for 127.0.0.1 at 2014-03-08 17:55:32 -0800


Started GET "/assets/foundation/foundation.reveal.js?body=1" for 127.0.0.1 at 2014-03-08 17:55:32 -0800


Started GET "/assets/foundation/foundation.section.js?body=1" for 127.0.0.1 at 2014-03-08 17:55:32 -0800


Started GET "/assets/foundation/foundation.tooltips.js?body=1" for 127.0.0.1 at 2014-03-08 17:55:32 -0800


Started GET "/assets/foundation/foundation.topbar.js?body=1" for 127.0.0.1 at 2014-03-08 17:55:32 -0800


Started GET "/assets/foundation/foundation.interchange.js?body=1" for 127.0.0.1 at 2014-03-08 17:55:32 -0800


Started GET "/assets/foundation/foundation.placeholder.js?body=1" for 127.0.0.1 at 2014-03-08 17:55:32 -0800


Started GET "/assets/foundation/foundation.abide.js?body=1" for 127.0.0.1 at 2014-03-08 17:55:32 -0800


Started GET "/assets/foundation/index.js?body=1" for 127.0.0.1 at 2014-03-08 17:55:32 -0800


Started GET "/assets/turbolinks.js?body=1" for 127.0.0.1 at 2014-03-08 17:55:32 -0800


Started GET "/assets/goals.js?body=1" for 127.0.0.1 at 2014-03-08 17:55:32 -0800


Started GET "/assets/posts.js?body=1" for 127.0.0.1 at 2014-03-08 17:55:32 -0800


Started GET "/assets/welcome.js?body=1" for 127.0.0.1 at 2014-03-08 17:55:32 -0800


Started GET "/assets/application.js?body=1" for 127.0.0.1 at 2014-03-08 17:55:32 -0800


Started GET "/assets/jquery_ujs.js?body=1" for 127.0.0.1 at 2014-03-08 17:55:32 -0800


Started GET "/assets/jquery.js?body=1" for 127.0.0.1 at 2014-03-08 17:55:32 -0800


Started GET "/assets/foundation/foundation.alerts.js?body=1" for 127.0.0.1 at 2014-03-08 17:55:32 -0800


Started GET "/assets/foundation/foundation.js?body=1" for 127.0.0.1 at 2014-03-08 17:55:32 -0800


Started GET "/assets/foundation/foundation.clearing.js?body=1" for 127.0.0.1 at 2014-03-08 17:55:32 -0800


Started GET "/assets/foundation/foundation.cookie.js?body=1" for 127.0.0.1 at 2014-03-08 17:55:32 -0800


Started GET "/assets/foundation/foundation.dropdown.js?body=1" for 127.0.0.1 at 2014-03-08 17:55:32 -0800


Started GET "/assets/foundation/foundation.forms.js?body=1" for 127.0.0.1 at 2014-03-08 17:55:32 -0800


Started GET "/assets/foundation/foundation.magellan.js?body=1" for 127.0.0.1 at 2014-03-08 17:55:32 -0800


Started GET "/assets/foundation/foundation.joyride.js?body=1" for 127.0.0.1 at 2014-03-08 17:55:32 -0800


Started GET "/assets/foundation/foundation.reveal.js?body=1" for 127.0.0.1 at 2014-03-08 17:55:33 -0800


Started GET "/assets/foundation/foundation.orbit.js?body=1" for 127.0.0.1 at 2014-03-08 17:55:33 -0800


Started GET "/assets/foundation/foundation.section.js?body=1" for 127.0.0.1 at 2014-03-08 17:55:33 -0800


Started GET "/assets/foundation/foundation.topbar.js?body=1" for 127.0.0.1 at 2014-03-08 17:55:33 -0800


Started GET "/assets/foundation/foundation.tooltips.js?body=1" for 127.0.0.1 at 2014-03-08 17:55:33 -0800


Started GET "/assets/foundation/foundation.interchange.js?body=1" for 127.0.0.1 at 2014-03-08 17:55:33 -0800


Started GET "/assets/foundation/foundation.placeholder.js?body=1" for 127.0.0.1 at 2014-03-08 17:55:33 -0800


Started GET "/assets/foundation/foundation.abide.js?body=1" for 127.0.0.1 at 2014-03-08 17:55:33 -0800


Started GET "/assets/foundation/index.js?body=1" for 127.0.0.1 at 2014-03-08 17:55:33 -0800


Started GET "/assets/turbolinks.js?body=1" for 127.0.0.1 at 2014-03-08 17:55:33 -0800


Started GET "/assets/posts.js?body=1" for 127.0.0.1 at 2014-03-08 17:55:33 -0800


Started GET "/assets/welcome.js?body=1" for 127.0.0.1 at 2014-03-08 17:55:33 -0800


Started GET "/assets/goals.js?body=1" for 127.0.0.1 at 2014-03-08 17:55:33 -0800


Started GET "/assets/application.js?body=1" for 127.0.0.1 at 2014-03-08 17:55:33 -0800


Started GET "/" for 127.0.0.1 at 2014-03-08 17:56:58 -0800
Processing by WelcomeController#index as HTML
  Rendered welcome/index.html.erb within layouts/application (0.1ms)
  Rendered devise/menu/_registration_items.html.erb (0.5ms)
  Rendered devise/menu/_registration_items.html.erb (0.6ms)
  Rendered devise/menu/_login_items.html.erb (0.3ms)
Completed 200 OK in 22ms (Views: 21.7ms | ActiveRecord: 0.0ms)


Started GET "/assets/jquery.js?body=1" for 127.0.0.1 at 2014-03-08 17:56:58 -0800


Started GET "/assets/jquery_ujs.js?body=1" for 127.0.0.1 at 2014-03-08 17:56:58 -0800


Started GET "/assets/foundation/foundation.dropdown.js?body=1" for 127.0.0.1 at 2014-03-08 17:56:58 -0800


Started GET "/assets/foundation/foundation.alerts.js?body=1" for 127.0.0.1 at 2014-03-08 17:56:58 -0800


Started GET "/assets/foundation/foundation.js?body=1" for 127.0.0.1 at 2014-03-08 17:56:58 -0800


Started GET "/assets/foundation/foundation.forms.js?body=1" for 127.0.0.1 at 2014-03-08 17:56:58 -0800


Started GET "/assets/foundation/foundation.clearing.js?body=1" for 127.0.0.1 at 2014-03-08 17:56:58 -0800


Started GET "/assets/foundation/foundation.joyride.js?body=1" for 127.0.0.1 at 2014-03-08 17:56:58 -0800


Started GET "/assets/foundation/foundation.cookie.js?body=1" for 127.0.0.1 at 2014-03-08 17:56:58 -0800


Started GET "/assets/foundation/foundation.magellan.js?body=1" for 127.0.0.1 at 2014-03-08 17:56:58 -0800


Started GET "/assets/foundation/foundation.orbit.js?body=1" for 127.0.0.1 at 2014-03-08 17:56:58 -0800


Started GET "/assets/foundation/foundation.reveal.js?body=1" for 127.0.0.1 at 2014-03-08 17:56:58 -0800


Started GET "/assets/foundation/foundation.section.js?body=1" for 127.0.0.1 at 2014-03-08 17:56:58 -0800


Started GET "/assets/foundation/foundation.tooltips.js?body=1" for 127.0.0.1 at 2014-03-08 17:56:58 -0800


Started GET "/assets/foundation/foundation.topbar.js?body=1" for 127.0.0.1 at 2014-03-08 17:56:58 -0800


Started GET "/assets/foundation/foundation.placeholder.js?body=1" for 127.0.0.1 at 2014-03-08 17:56:58 -0800


Started GET "/assets/foundation/foundation.interchange.js?body=1" for 127.0.0.1 at 2014-03-08 17:56:58 -0800


Started GET "/assets/foundation/index.js?body=1" for 127.0.0.1 at 2014-03-08 17:56:58 -0800


Started GET "/assets/foundation/foundation.abide.js?body=1" for 127.0.0.1 at 2014-03-08 17:56:58 -0800


Started GET "/assets/turbolinks.js?body=1" for 127.0.0.1 at 2014-03-08 17:56:58 -0800


Started GET "/assets/goals.js?body=1" for 127.0.0.1 at 2014-03-08 17:56:58 -0800


Started GET "/assets/posts.js?body=1" for 127.0.0.1 at 2014-03-08 17:56:58 -0800


Started GET "/assets/welcome.js?body=1" for 127.0.0.1 at 2014-03-08 17:56:58 -0800


Started GET "/assets/application.js?body=1" for 127.0.0.1 at 2014-03-08 17:56:58 -0800


Started GET "/assets/application.css?body=1" for 127.0.0.1 at 2014-03-08 17:56:58 -0800


Started GET "/assets/foundation_and_overrides.css?body=1" for 127.0.0.1 at 2014-03-08 17:56:58 -0800


Started GET "/assets/posts.css?body=1" for 127.0.0.1 at 2014-03-08 17:56:58 -0800


Started GET "/assets/scaffolds.css?body=1" for 127.0.0.1 at 2014-03-08 17:56:58 -0800


Started GET "/assets/welcome.css?body=1" for 127.0.0.1 at 2014-03-08 17:56:58 -0800


Started GET "/assets/vendor/custom.modernizr.js?body=1" for 127.0.0.1 at 2014-03-08 17:56:58 -0800


Started GET "/assets/jquery.js?body=1" for 127.0.0.1 at 2014-03-08 17:56:58 -0800


Started GET "/assets/growing_tree_long.jpg" for 127.0.0.1 at 2014-03-08 17:56:58 -0800


Started GET "/assets/jquery_ujs.js?body=1" for 127.0.0.1 at 2014-03-08 17:56:58 -0800


Started GET "/assets/foundation/foundation.js?body=1" for 127.0.0.1 at 2014-03-08 17:56:58 -0800


Started GET "/assets/foundation/foundation.alerts.js?body=1" for 127.0.0.1 at 2014-03-08 17:56:58 -0800


Started GET "/assets/foundation/foundation.clearing.js?body=1" for 127.0.0.1 at 2014-03-08 17:56:58 -0800


Started GET "/assets/foundation/foundation.cookie.js?body=1" for 127.0.0.1 at 2014-03-08 17:56:58 -0800


Started GET "/assets/foundation/foundation.dropdown.js?body=1" for 127.0.0.1 at 2014-03-08 17:56:58 -0800


Started GET "/assets/foundation/foundation.forms.js?body=1" for 127.0.0.1 at 2014-03-08 17:56:58 -0800


Started GET "/assets/foundation/foundation.joyride.js?body=1" for 127.0.0.1 at 2014-03-08 17:56:58 -0800


Started GET "/assets/foundation/foundation.magellan.js?body=1" for 127.0.0.1 at 2014-03-08 17:56:58 -0800


Started GET "/assets/foundation/foundation.orbit.js?body=1" for 127.0.0.1 at 2014-03-08 17:56:58 -0800


Started GET "/assets/foundation/foundation.reveal.js?body=1" for 127.0.0.1 at 2014-03-08 17:56:58 -0800


Started GET "/assets/foundation/foundation.section.js?body=1" for 127.0.0.1 at 2014-03-08 17:56:58 -0800


Started GET "/assets/foundation/foundation.tooltips.js?body=1" for 127.0.0.1 at 2014-03-08 17:56:58 -0800


Started GET "/assets/foundation/foundation.topbar.js?body=1" for 127.0.0.1 at 2014-03-08 17:56:58 -0800


Started GET "/assets/foundation/foundation.interchange.js?body=1" for 127.0.0.1 at 2014-03-08 17:56:58 -0800


Started GET "/assets/foundation/foundation.placeholder.js?body=1" for 127.0.0.1 at 2014-03-08 17:56:58 -0800


Started GET "/assets/foundation/foundation.abide.js?body=1" for 127.0.0.1 at 2014-03-08 17:56:58 -0800


Started GET "/assets/foundation/index.js?body=1" for 127.0.0.1 at 2014-03-08 17:56:58 -0800


Started GET "/assets/turbolinks.js?body=1" for 127.0.0.1 at 2014-03-08 17:56:58 -0800


Started GET "/assets/goals.js?body=1" for 127.0.0.1 at 2014-03-08 17:56:58 -0800


Started GET "/assets/posts.js?body=1" for 127.0.0.1 at 2014-03-08 17:56:58 -0800


Started GET "/assets/welcome.js?body=1" for 127.0.0.1 at 2014-03-08 17:56:58 -0800


Started GET "/assets/application.js?body=1" for 127.0.0.1 at 2014-03-08 17:56:58 -0800


Started GET "/users/sign_up" for 127.0.0.1 at 2014-03-08 17:57:00 -0800
Processing by Devise::RegistrationsController#new as HTML
  Rendered devise/shared/_links.erb (0.5ms)
  Rendered devise/registrations/new.html.erb within layouts/application (5.3ms)
  Rendered devise/menu/_registration_items.html.erb (2.0ms)
  Rendered devise/menu/_registration_items.html.erb (0.4ms)
  Rendered devise/menu/_login_items.html.erb (0.8ms)
Completed 200 OK in 65ms (Views: 63.5ms | ActiveRecord: 0.0ms)


Started GET "/assets/jquery.js?body=1" for 127.0.0.1 at 2014-03-08 17:57:01 -0800


Started GET "/assets/jquery_ujs.js?body=1" for 127.0.0.1 at 2014-03-08 17:57:01 -0800


Started GET "/assets/foundation/foundation.js?body=1" for 127.0.0.1 at 2014-03-08 17:57:01 -0800


Started GET "/assets/foundation/foundation.cookie.js?body=1" for 127.0.0.1 at 2014-03-08 17:57:01 -0800


Started GET "/assets/foundation/foundation.clearing.js?body=1" for 127.0.0.1 at 2014-03-08 17:57:01 -0800


Started GET "/assets/foundation/foundation.dropdown.js?body=1" for 127.0.0.1 at 2014-03-08 17:57:01 -0800


Started GET "/assets/foundation/foundation.alerts.js?body=1" for 127.0.0.1 at 2014-03-08 17:57:01 -0800


Started GET "/assets/foundation/foundation.forms.js?body=1" for 127.0.0.1 at 2014-03-08 17:57:01 -0800


Started GET "/assets/foundation/foundation.joyride.js?body=1" for 127.0.0.1 at 2014-03-08 17:57:01 -0800


Started GET "/assets/foundation/foundation.magellan.js?body=1" for 127.0.0.1 at 2014-03-08 17:57:01 -0800


Started GET "/assets/foundation/foundation.orbit.js?body=1" for 127.0.0.1 at 2014-03-08 17:57:01 -0800


Started GET "/assets/foundation/foundation.section.js?body=1" for 127.0.0.1 at 2014-03-08 17:57:01 -0800


Started GET "/assets/foundation/foundation.reveal.js?body=1" for 127.0.0.1 at 2014-03-08 17:57:01 -0800


Started GET "/assets/foundation/foundation.tooltips.js?body=1" for 127.0.0.1 at 2014-03-08 17:57:01 -0800


Started GET "/assets/foundation/foundation.topbar.js?body=1" for 127.0.0.1 at 2014-03-08 17:57:01 -0800


Started GET "/assets/foundation/foundation.interchange.js?body=1" for 127.0.0.1 at 2014-03-08 17:57:01 -0800


Started GET "/assets/foundation/foundation.placeholder.js?body=1" for 127.0.0.1 at 2014-03-08 17:57:01 -0800


Started GET "/assets/foundation/foundation.abide.js?body=1" for 127.0.0.1 at 2014-03-08 17:57:01 -0800


Started GET "/assets/foundation/index.js?body=1" for 127.0.0.1 at 2014-03-08 17:57:01 -0800


Started GET "/assets/turbolinks.js?body=1" for 127.0.0.1 at 2014-03-08 17:57:01 -0800


Started GET "/assets/goals.js?body=1" for 127.0.0.1 at 2014-03-08 17:57:01 -0800


Started GET "/assets/posts.js?body=1" for 127.0.0.1 at 2014-03-08 17:57:01 -0800


Started GET "/assets/welcome.js?body=1" for 127.0.0.1 at 2014-03-08 17:57:01 -0800


Started GET "/assets/application.js?body=1" for 127.0.0.1 at 2014-03-08 17:57:01 -0800


Started GET "/" for 127.0.0.1 at 2014-03-08 17:57:03 -0800
Processing by WelcomeController#index as HTML
  Rendered welcome/index.html.erb within layouts/application (0.2ms)
  Rendered devise/menu/_registration_items.html.erb (0.6ms)
  Rendered devise/menu/_registration_items.html.erb (0.3ms)
  Rendered devise/menu/_login_items.html.erb (0.3ms)
Completed 200 OK in 29ms (Views: 28.3ms | ActiveRecord: 0.0ms)


Started GET "/" for 127.0.0.1 at 2014-03-08 17:57:03 -0800
Processing by WelcomeController#index as HTML
  Rendered welcome/index.html.erb within layouts/application (0.2ms)
  Rendered devise/menu/_registration_items.html.erb (0.5ms)
  Rendered devise/menu/_registration_items.html.erb (0.3ms)
  Rendered devise/menu/_login_items.html.erb (0.3ms)
Completed 200 OK in 28ms (Views: 27.1ms | ActiveRecord: 0.0ms)


Started GET "/assets/jquery.js?body=1" for 127.0.0.1 at 2014-03-08 17:57:03 -0800


Started GET "/assets/jquery_ujs.js?body=1" for 127.0.0.1 at 2014-03-08 17:57:03 -0800


Started GET "/assets/foundation/foundation.clearing.js?body=1" for 127.0.0.1 at 2014-03-08 17:57:03 -0800


Started GET "/assets/foundation/foundation.cookie.js?body=1" for 127.0.0.1 at 2014-03-08 17:57:03 -0800


Started GET "/assets/foundation/foundation.js?body=1" for 127.0.0.1 at 2014-03-08 17:57:03 -0800


Started GET "/assets/foundation/foundation.alerts.js?body=1" for 127.0.0.1 at 2014-03-08 17:57:03 -0800


Started GET "/assets/foundation/foundation.dropdown.js?body=1" for 127.0.0.1 at 2014-03-08 17:57:03 -0800


Started GET "/assets/foundation/foundation.forms.js?body=1" for 127.0.0.1 at 2014-03-08 17:57:03 -0800


Started GET "/assets/foundation/foundation.joyride.js?body=1" for 127.0.0.1 at 2014-03-08 17:57:03 -0800


Started GET "/assets/foundation/foundation.magellan.js?body=1" for 127.0.0.1 at 2014-03-08 17:57:03 -0800


Started GET "/assets/foundation/foundation.orbit.js?body=1" for 127.0.0.1 at 2014-03-08 17:57:03 -0800


Started GET "/assets/foundation/foundation.reveal.js?body=1" for 127.0.0.1 at 2014-03-08 17:57:03 -0800


Started GET "/assets/foundation/foundation.section.js?body=1" for 127.0.0.1 at 2014-03-08 17:57:03 -0800


Started GET "/assets/foundation/foundation.tooltips.js?body=1" for 127.0.0.1 at 2014-03-08 17:57:03 -0800


Started GET "/assets/foundation/foundation.topbar.js?body=1" for 127.0.0.1 at 2014-03-08 17:57:03 -0800


Started GET "/assets/foundation/foundation.interchange.js?body=1" for 127.0.0.1 at 2014-03-08 17:57:03 -0800


Started GET "/assets/foundation/foundation.placeholder.js?body=1" for 127.0.0.1 at 2014-03-08 17:57:03 -0800


Started GET "/assets/foundation/foundation.abide.js?body=1" for 127.0.0.1 at 2014-03-08 17:57:03 -0800


Started GET "/assets/foundation/index.js?body=1" for 127.0.0.1 at 2014-03-08 17:57:03 -0800


Started GET "/assets/turbolinks.js?body=1" for 127.0.0.1 at 2014-03-08 17:57:03 -0800


Started GET "/assets/goals.js?body=1" for 127.0.0.1 at 2014-03-08 17:57:03 -0800


Started GET "/assets/posts.js?body=1" for 127.0.0.1 at 2014-03-08 17:57:03 -0800


Started GET "/assets/welcome.js?body=1" for 127.0.0.1 at 2014-03-08 17:57:03 -0800


Started GET "/assets/application.js?body=1" for 127.0.0.1 at 2014-03-08 17:57:03 -0800


Started GET "/assets/jquery.js?body=1" for 127.0.0.1 at 2014-03-08 17:57:03 -0800


Started GET "/assets/jquery_ujs.js?body=1" for 127.0.0.1 at 2014-03-08 17:57:03 -0800


Started GET "/assets/foundation/foundation.clearing.js?body=1" for 127.0.0.1 at 2014-03-08 17:57:03 -0800


Started GET "/assets/foundation/foundation.js?body=1" for 127.0.0.1 at 2014-03-08 17:57:03 -0800


Started GET "/assets/foundation/foundation.cookie.js?body=1" for 127.0.0.1 at 2014-03-08 17:57:03 -0800


Started GET "/assets/foundation/foundation.alerts.js?body=1" for 127.0.0.1 at 2014-03-08 17:57:03 -0800


Started GET "/assets/foundation/foundation.dropdown.js?body=1" for 127.0.0.1 at 2014-03-08 17:57:03 -0800


Started GET "/assets/foundation/foundation.orbit.js?body=1" for 127.0.0.1 at 2014-03-08 17:57:03 -0800


Started GET "/assets/foundation/foundation.forms.js?body=1" for 127.0.0.1 at 2014-03-08 17:57:04 -0800


Started GET "/assets/foundation/foundation.joyride.js?body=1" for 127.0.0.1 at 2014-03-08 17:57:04 -0800


Started GET "/assets/foundation/foundation.section.js?body=1" for 127.0.0.1 at 2014-03-08 17:57:04 -0800


Started GET "/assets/foundation/foundation.magellan.js?body=1" for 127.0.0.1 at 2014-03-08 17:57:04 -0800


Started GET "/assets/foundation/foundation.reveal.js?body=1" for 127.0.0.1 at 2014-03-08 17:57:04 -0800


Started GET "/assets/foundation/foundation.tooltips.js?body=1" for 127.0.0.1 at 2014-03-08 17:57:04 -0800


Started GET "/assets/foundation/foundation.topbar.js?body=1" for 127.0.0.1 at 2014-03-08 17:57:04 -0800


Started GET "/assets/foundation/foundation.interchange.js?body=1" for 127.0.0.1 at 2014-03-08 17:57:04 -0800


Started GET "/assets/foundation/foundation.placeholder.js?body=1" for 127.0.0.1 at 2014-03-08 17:57:04 -0800


Started GET "/assets/foundation/foundation.abide.js?body=1" for 127.0.0.1 at 2014-03-08 17:57:04 -0800


Started GET "/assets/foundation/index.js?body=1" for 127.0.0.1 at 2014-03-08 17:57:04 -0800


Started GET "/assets/turbolinks.js?body=1" for 127.0.0.1 at 2014-03-08 17:57:04 -0800


Started GET "/assets/goals.js?body=1" for 127.0.0.1 at 2014-03-08 17:57:04 -0800


Started GET "/assets/posts.js?body=1" for 127.0.0.1 at 2014-03-08 17:57:04 -0800


Started GET "/assets/welcome.js?body=1" for 127.0.0.1 at 2014-03-08 17:57:04 -0800


Started GET "/assets/application.js?body=1" for 127.0.0.1 at 2014-03-08 17:57:04 -0800


Started GET "/" for 127.0.0.1 at 2014-03-08 17:57:34 -0800
Processing by WelcomeController#index as HTML
  Rendered welcome/index.html.erb within layouts/application (0.1ms)
  Rendered devise/menu/_login_items.html.erb (0.7ms)
  Rendered devise/menu/_registration_items.html.erb (0.3ms)
  Rendered devise/menu/_registration_items.html.erb (0.3ms)
  Rendered devise/menu/_login_items.html.erb (0.3ms)
Completed 200 OK in 28ms (Views: 27.4ms | ActiveRecord: 0.0ms)


Started GET "/assets/foundation/foundation.js?body=1" for 127.0.0.1 at 2014-03-08 17:57:34 -0800


Started GET "/assets/jquery.js?body=1" for 127.0.0.1 at 2014-03-08 17:57:34 -0800


Started GET "/assets/jquery_ujs.js?body=1" for 127.0.0.1 at 2014-03-08 17:57:34 -0800


Started GET "/assets/foundation/foundation.alerts.js?body=1" for 127.0.0.1 at 2014-03-08 17:57:34 -0800


Started GET "/assets/foundation/foundation.clearing.js?body=1" for 127.0.0.1 at 2014-03-08 17:57:34 -0800


Started GET "/assets/foundation/foundation.joyride.js?body=1" for 127.0.0.1 at 2014-03-08 17:57:34 -0800


Started GET "/assets/foundation/foundation.cookie.js?body=1" for 127.0.0.1 at 2014-03-08 17:57:34 -0800


Started GET "/assets/foundation/foundation.dropdown.js?body=1" for 127.0.0.1 at 2014-03-08 17:57:34 -0800


Started GET "/assets/foundation/foundation.forms.js?body=1" for 127.0.0.1 at 2014-03-08 17:57:34 -0800


Started GET "/assets/foundation/foundation.orbit.js?body=1" for 127.0.0.1 at 2014-03-08 17:57:34 -0800


Started GET "/assets/foundation/foundation.magellan.js?body=1" for 127.0.0.1 at 2014-03-08 17:57:34 -0800


Started GET "/assets/foundation/foundation.reveal.js?body=1" for 127.0.0.1 at 2014-03-08 17:57:34 -0800


Started GET "/assets/foundation/foundation.section.js?body=1" for 127.0.0.1 at 2014-03-08 17:57:34 -0800


Started GET "/assets/foundation/foundation.tooltips.js?body=1" for 127.0.0.1 at 2014-03-08 17:57:34 -0800


Started GET "/assets/foundation/foundation.topbar.js?body=1" for 127.0.0.1 at 2014-03-08 17:57:34 -0800


Started GET "/assets/foundation/foundation.interchange.js?body=1" for 127.0.0.1 at 2014-03-08 17:57:34 -0800


Started GET "/assets/foundation/foundation.placeholder.js?body=1" for 127.0.0.1 at 2014-03-08 17:57:34 -0800


Started GET "/assets/foundation/foundation.abide.js?body=1" for 127.0.0.1 at 2014-03-08 17:57:34 -0800


Started GET "/assets/foundation/index.js?body=1" for 127.0.0.1 at 2014-03-08 17:57:34 -0800


Started GET "/assets/turbolinks.js?body=1" for 127.0.0.1 at 2014-03-08 17:57:34 -0800


Started GET "/assets/goals.js?body=1" for 127.0.0.1 at 2014-03-08 17:57:34 -0800


Started GET "/assets/posts.js?body=1" for 127.0.0.1 at 2014-03-08 17:57:34 -0800


Started GET "/assets/welcome.js?body=1" for 127.0.0.1 at 2014-03-08 17:57:34 -0800


Started GET "/assets/application.js?body=1" for 127.0.0.1 at 2014-03-08 17:57:34 -0800


Started GET "/assets/application.css?body=1" for 127.0.0.1 at 2014-03-08 17:57:34 -0800


Started GET "/assets/posts.css?body=1" for 127.0.0.1 at 2014-03-08 17:57:34 -0800


Started GET "/assets/foundation_and_overrides.css?body=1" for 127.0.0.1 at 2014-03-08 17:57:34 -0800


Started GET "/assets/scaffolds.css?body=1" for 127.0.0.1 at 2014-03-08 17:57:34 -0800


Started GET "/assets/welcome.css?body=1" for 127.0.0.1 at 2014-03-08 17:57:34 -0800


Started GET "/assets/vendor/custom.modernizr.js?body=1" for 127.0.0.1 at 2014-03-08 17:57:34 -0800


Started GET "/assets/jquery.js?body=1" for 127.0.0.1 at 2014-03-08 17:57:34 -0800


Started GET "/assets/growing_tree_long.jpg" for 127.0.0.1 at 2014-03-08 17:57:34 -0800


Started GET "/assets/jquery_ujs.js?body=1" for 127.0.0.1 at 2014-03-08 17:57:34 -0800


Started GET "/assets/foundation/foundation.js?body=1" for 127.0.0.1 at 2014-03-08 17:57:34 -0800


Started GET "/assets/foundation/foundation.alerts.js?body=1" for 127.0.0.1 at 2014-03-08 17:57:34 -0800


Started GET "/assets/foundation/foundation.clearing.js?body=1" for 127.0.0.1 at 2014-03-08 17:57:34 -0800


Started GET "/assets/foundation/foundation.cookie.js?body=1" for 127.0.0.1 at 2014-03-08 17:57:34 -0800


Started GET "/assets/foundation/foundation.dropdown.js?body=1" for 127.0.0.1 at 2014-03-08 17:57:34 -0800


Started GET "/assets/foundation/foundation.forms.js?body=1" for 127.0.0.1 at 2014-03-08 17:57:34 -0800


Started GET "/assets/foundation/foundation.joyride.js?body=1" for 127.0.0.1 at 2014-03-08 17:57:35 -0800


Started GET "/assets/foundation/foundation.magellan.js?body=1" for 127.0.0.1 at 2014-03-08 17:57:35 -0800


Started GET "/assets/foundation/foundation.orbit.js?body=1" for 127.0.0.1 at 2014-03-08 17:57:35 -0800


Started GET "/assets/foundation/foundation.reveal.js?body=1" for 127.0.0.1 at 2014-03-08 17:57:35 -0800


Started GET "/assets/foundation/foundation.section.js?body=1" for 127.0.0.1 at 2014-03-08 17:57:35 -0800


Started GET "/assets/foundation/foundation.tooltips.js?body=1" for 127.0.0.1 at 2014-03-08 17:57:35 -0800


Started GET "/assets/foundation/foundation.topbar.js?body=1" for 127.0.0.1 at 2014-03-08 17:57:35 -0800


Started GET "/assets/foundation/foundation.interchange.js?body=1" for 127.0.0.1 at 2014-03-08 17:57:35 -0800


Started GET "/assets/foundation/foundation.placeholder.js?body=1" for 127.0.0.1 at 2014-03-08 17:57:35 -0800


Started GET "/assets/foundation/foundation.abide.js?body=1" for 127.0.0.1 at 2014-03-08 17:57:35 -0800


Started GET "/assets/foundation/index.js?body=1" for 127.0.0.1 at 2014-03-08 17:57:35 -0800


Started GET "/assets/turbolinks.js?body=1" for 127.0.0.1 at 2014-03-08 17:57:35 -0800


Started GET "/assets/goals.js?body=1" for 127.0.0.1 at 2014-03-08 17:57:35 -0800


Started GET "/assets/posts.js?body=1" for 127.0.0.1 at 2014-03-08 17:57:35 -0800


Started GET "/assets/welcome.js?body=1" for 127.0.0.1 at 2014-03-08 17:57:35 -0800


Started GET "/assets/application.js?body=1" for 127.0.0.1 at 2014-03-08 17:57:35 -0800


Started GET "/users/sign_in" for 127.0.0.1 at 2014-03-08 17:57:37 -0800
Processing by Devise::SessionsController#new as HTML
  Rendered devise/shared/_links.erb (2.2ms)
  Rendered devise/sessions/new.html.erb within layouts/application (12.5ms)
  Rendered devise/menu/_login_items.html.erb (1.1ms)
  Rendered devise/menu/_registration_items.html.erb (0.7ms)
  Rendered devise/menu/_registration_items.html.erb (0.7ms)
  Rendered devise/menu/_login_items.html.erb (0.3ms)
Completed 200 OK in 107ms (Views: 48.3ms | ActiveRecord: 0.0ms)


Started GET "/assets/jquery.js?body=1" for 127.0.0.1 at 2014-03-08 17:57:37 -0800


Started GET "/assets/jquery_ujs.js?body=1" for 127.0.0.1 at 2014-03-08 17:57:37 -0800


Started GET "/assets/foundation/foundation.js?body=1" for 127.0.0.1 at 2014-03-08 17:57:37 -0800


Started GET "/assets/foundation/foundation.cookie.js?body=1" for 127.0.0.1 at 2014-03-08 17:57:37 -0800


Started GET "/assets/foundation/foundation.dropdown.js?body=1" for 127.0.0.1 at 2014-03-08 17:57:37 -0800


Started GET "/assets/foundation/foundation.alerts.js?body=1" for 127.0.0.1 at 2014-03-08 17:57:37 -0800


Started GET "/assets/foundation/foundation.clearing.js?body=1" for 127.0.0.1 at 2014-03-08 17:57:37 -0800


Started GET "/assets/foundation/foundation.forms.js?body=1" for 127.0.0.1 at 2014-03-08 17:57:37 -0800


Started GET "/assets/foundation/foundation.joyride.js?body=1" for 127.0.0.1 at 2014-03-08 17:57:37 -0800


Started GET "/assets/foundation/foundation.magellan.js?body=1" for 127.0.0.1 at 2014-03-08 17:57:37 -0800


Started GET "/assets/foundation/foundation.orbit.js?body=1" for 127.0.0.1 at 2014-03-08 17:57:37 -0800


Started GET "/assets/foundation/foundation.tooltips.js?body=1" for 127.0.0.1 at 2014-03-08 17:57:37 -0800


Started GET "/assets/foundation/foundation.reveal.js?body=1" for 127.0.0.1 at 2014-03-08 17:57:37 -0800


Started GET "/assets/foundation/foundation.section.js?body=1" for 127.0.0.1 at 2014-03-08 17:57:37 -0800


Started GET "/assets/foundation/foundation.topbar.js?body=1" for 127.0.0.1 at 2014-03-08 17:57:37 -0800


Started GET "/assets/foundation/foundation.interchange.js?body=1" for 127.0.0.1 at 2014-03-08 17:57:37 -0800


Started GET "/assets/foundation/foundation.placeholder.js?body=1" for 127.0.0.1 at 2014-03-08 17:57:37 -0800


Started GET "/assets/foundation/foundation.abide.js?body=1" for 127.0.0.1 at 2014-03-08 17:57:37 -0800


Started GET "/assets/foundation/index.js?body=1" for 127.0.0.1 at 2014-03-08 17:57:37 -0800


Started GET "/assets/turbolinks.js?body=1" for 127.0.0.1 at 2014-03-08 17:57:37 -0800


Started GET "/assets/goals.js?body=1" for 127.0.0.1 at 2014-03-08 17:57:37 -0800


Started GET "/assets/posts.js?body=1" for 127.0.0.1 at 2014-03-08 17:57:37 -0800


Started GET "/assets/welcome.js?body=1" for 127.0.0.1 at 2014-03-08 17:57:37 -0800


Started GET "/assets/application.js?body=1" for 127.0.0.1 at 2014-03-08 17:57:37 -0800


Started GET "/" for 127.0.0.1 at 2014-03-08 17:57:43 -0800
Processing by WelcomeController#index as HTML
  Rendered welcome/index.html.erb within layouts/application (0.2ms)
  Rendered devise/menu/_login_items.html.erb (0.9ms)
  Rendered devise/menu/_registration_items.html.erb (0.4ms)
  Rendered devise/menu/_registration_items.html.erb (0.2ms)
  Rendered devise/menu/_login_items.html.erb (0.6ms)
Completed 200 OK in 30ms (Views: 28.9ms | ActiveRecord: 0.0ms)


Started GET "/" for 127.0.0.1 at 2014-03-08 17:57:43 -0800
Processing by WelcomeController#index as HTML
  Rendered welcome/index.html.erb within layouts/application (0.2ms)
  Rendered devise/menu/_login_items.html.erb (0.4ms)
  Rendered devise/menu/_registration_items.html.erb (0.2ms)
  Rendered devise/menu/_registration_items.html.erb (0.2ms)
  Rendered devise/menu/_login_items.html.erb (0.2ms)
Completed 200 OK in 21ms (Views: 20.0ms | ActiveRecord: 0.0ms)


Started GET "/assets/jquery.js?body=1" for 127.0.0.1 at 2014-03-08 17:57:43 -0800


Started GET "/assets/jquery_ujs.js?body=1" for 127.0.0.1 at 2014-03-08 17:57:43 -0800


Started GET "/assets/foundation/foundation.alerts.js?body=1" for 127.0.0.1 at 2014-03-08 17:57:43 -0800


Started GET "/assets/foundation/foundation.clearing.js?body=1" for 127.0.0.1 at 2014-03-08 17:57:43 -0800


Started GET "/assets/foundation/foundation.js?body=1" for 127.0.0.1 at 2014-03-08 17:57:43 -0800


Started GET "/assets/foundation/foundation.cookie.js?body=1" for 127.0.0.1 at 2014-03-08 17:57:43 -0800


Started GET "/assets/foundation/foundation.dropdown.js?body=1" for 127.0.0.1 at 2014-03-08 17:57:43 -0800


Started GET "/assets/foundation/foundation.forms.js?body=1" for 127.0.0.1 at 2014-03-08 17:57:43 -0800


Started GET "/assets/foundation/foundation.joyride.js?body=1" for 127.0.0.1 at 2014-03-08 17:57:43 -0800


Started GET "/assets/foundation/foundation.magellan.js?body=1" for 127.0.0.1 at 2014-03-08 17:57:43 -0800


Started GET "/assets/foundation/foundation.orbit.js?body=1" for 127.0.0.1 at 2014-03-08 17:57:43 -0800


Started GET "/assets/foundation/foundation.section.js?body=1" for 127.0.0.1 at 2014-03-08 17:57:43 -0800


Started GET "/assets/foundation/foundation.reveal.js?body=1" for 127.0.0.1 at 2014-03-08 17:57:43 -0800


Started GET "/assets/foundation/foundation.tooltips.js?body=1" for 127.0.0.1 at 2014-03-08 17:57:43 -0800


Started GET "/assets/foundation/foundation.topbar.js?body=1" for 127.0.0.1 at 2014-03-08 17:57:43 -0800


Started GET "/assets/foundation/foundation.interchange.js?body=1" for 127.0.0.1 at 2014-03-08 17:57:43 -0800


Started GET "/assets/foundation/foundation.placeholder.js?body=1" for 127.0.0.1 at 2014-03-08 17:57:43 -0800


Started GET "/assets/foundation/foundation.abide.js?body=1" for 127.0.0.1 at 2014-03-08 17:57:43 -0800


Started GET "/assets/foundation/index.js?body=1" for 127.0.0.1 at 2014-03-08 17:57:43 -0800


Started GET "/assets/turbolinks.js?body=1" for 127.0.0.1 at 2014-03-08 17:57:43 -0800


Started GET "/assets/goals.js?body=1" for 127.0.0.1 at 2014-03-08 17:57:43 -0800


Started GET "/assets/posts.js?body=1" for 127.0.0.1 at 2014-03-08 17:57:43 -0800


Started GET "/assets/welcome.js?body=1" for 127.0.0.1 at 2014-03-08 17:57:43 -0800


Started GET "/assets/application.js?body=1" for 127.0.0.1 at 2014-03-08 17:57:43 -0800


Started GET "/assets/jquery.js?body=1" for 127.0.0.1 at 2014-03-08 17:57:43 -0800


Started GET "/assets/jquery_ujs.js?body=1" for 127.0.0.1 at 2014-03-08 17:57:43 -0800


Started GET "/assets/foundation/foundation.alerts.js?body=1" for 127.0.0.1 at 2014-03-08 17:57:43 -0800


Started GET "/assets/foundation/foundation.clearing.js?body=1" for 127.0.0.1 at 2014-03-08 17:57:43 -0800


Started GET "/assets/foundation/foundation.js?body=1" for 127.0.0.1 at 2014-03-08 17:57:43 -0800


Started GET "/assets/foundation/foundation.cookie.js?body=1" for 127.0.0.1 at 2014-03-08 17:57:43 -0800


Started GET "/assets/foundation/foundation.forms.js?body=1" for 127.0.0.1 at 2014-03-08 17:57:43 -0800


Started GET "/assets/foundation/foundation.dropdown.js?body=1" for 127.0.0.1 at 2014-03-08 17:57:43 -0800


Started GET "/assets/foundation/foundation.magellan.js?body=1" for 127.0.0.1 at 2014-03-08 17:57:43 -0800


Started GET "/assets/foundation/foundation.joyride.js?body=1" for 127.0.0.1 at 2014-03-08 17:57:43 -0800


Started GET "/assets/foundation/foundation.orbit.js?body=1" for 127.0.0.1 at 2014-03-08 17:57:43 -0800


Started GET "/assets/foundation/foundation.section.js?body=1" for 127.0.0.1 at 2014-03-08 17:57:43 -0800


Started GET "/assets/foundation/foundation.reveal.js?body=1" for 127.0.0.1 at 2014-03-08 17:57:43 -0800


Started GET "/assets/foundation/foundation.tooltips.js?body=1" for 127.0.0.1 at 2014-03-08 17:57:43 -0800


Started GET "/assets/foundation/foundation.topbar.js?body=1" for 127.0.0.1 at 2014-03-08 17:57:43 -0800


Started GET "/assets/foundation/foundation.interchange.js?body=1" for 127.0.0.1 at 2014-03-08 17:57:43 -0800


Started GET "/assets/foundation/foundation.placeholder.js?body=1" for 127.0.0.1 at 2014-03-08 17:57:43 -0800


Started GET "/assets/foundation/foundation.abide.js?body=1" for 127.0.0.1 at 2014-03-08 17:57:43 -0800


Started GET "/assets/turbolinks.js?body=1" for 127.0.0.1 at 2014-03-08 17:57:43 -0800


Started GET "/assets/foundation/index.js?body=1" for 127.0.0.1 at 2014-03-08 17:57:43 -0800


Started GET "/assets/goals.js?body=1" for 127.0.0.1 at 2014-03-08 17:57:43 -0800


Started GET "/assets/posts.js?body=1" for 127.0.0.1 at 2014-03-08 17:57:43 -0800


Started GET "/assets/welcome.js?body=1" for 127.0.0.1 at 2014-03-08 17:57:43 -0800


Started GET "/assets/application.js?body=1" for 127.0.0.1 at 2014-03-08 17:57:43 -0800


Started GET "/" for 127.0.0.1 at 2014-03-08 17:58:28 -0800
Processing by WelcomeController#index as HTML
  Rendered welcome/index.html.erb within layouts/application (0.2ms)
  Rendered devise/menu/_login_items.html.erb (0.7ms)
  Rendered devise/menu/_registration_items.html.erb (0.2ms)
Completed 200 OK in 23ms (Views: 22.0ms | ActiveRecord: 0.0ms)


Started GET "/assets/jquery.js?body=1" for 127.0.0.1 at 2014-03-08 17:58:28 -0800


Started GET "/assets/foundation/foundation.js?body=1" for 127.0.0.1 at 2014-03-08 17:58:28 -0800


Started GET "/assets/jquery_ujs.js?body=1" for 127.0.0.1 at 2014-03-08 17:58:28 -0800


Started GET "/assets/foundation/foundation.dropdown.js?body=1" for 127.0.0.1 at 2014-03-08 17:58:28 -0800


Started GET "/assets/foundation/foundation.alerts.js?body=1" for 127.0.0.1 at 2014-03-08 17:58:28 -0800


Started GET "/assets/foundation/foundation.cookie.js?body=1" for 127.0.0.1 at 2014-03-08 17:58:28 -0800


Started GET "/assets/foundation/foundation.forms.js?body=1" for 127.0.0.1 at 2014-03-08 17:58:28 -0800


Started GET "/assets/foundation/foundation.clearing.js?body=1" for 127.0.0.1 at 2014-03-08 17:58:28 -0800


Started GET "/assets/foundation/foundation.joyride.js?body=1" for 127.0.0.1 at 2014-03-08 17:58:28 -0800


Started GET "/assets/foundation/foundation.magellan.js?body=1" for 127.0.0.1 at 2014-03-08 17:58:28 -0800


Started GET "/assets/foundation/foundation.orbit.js?body=1" for 127.0.0.1 at 2014-03-08 17:58:28 -0800


Started GET "/assets/foundation/foundation.reveal.js?body=1" for 127.0.0.1 at 2014-03-08 17:58:28 -0800


Started GET "/assets/foundation/foundation.section.js?body=1" for 127.0.0.1 at 2014-03-08 17:58:28 -0800


Started GET "/assets/foundation/foundation.tooltips.js?body=1" for 127.0.0.1 at 2014-03-08 17:58:28 -0800


Started GET "/assets/foundation/foundation.topbar.js?body=1" for 127.0.0.1 at 2014-03-08 17:58:28 -0800


Started GET "/assets/foundation/foundation.interchange.js?body=1" for 127.0.0.1 at 2014-03-08 17:58:28 -0800


Started GET "/assets/foundation/foundation.placeholder.js?body=1" for 127.0.0.1 at 2014-03-08 17:58:28 -0800


Started GET "/assets/foundation/foundation.abide.js?body=1" for 127.0.0.1 at 2014-03-08 17:58:28 -0800


Started GET "/assets/foundation/index.js?body=1" for 127.0.0.1 at 2014-03-08 17:58:28 -0800


Started GET "/assets/turbolinks.js?body=1" for 127.0.0.1 at 2014-03-08 17:58:28 -0800


Started GET "/assets/goals.js?body=1" for 127.0.0.1 at 2014-03-08 17:58:28 -0800


Started GET "/assets/posts.js?body=1" for 127.0.0.1 at 2014-03-08 17:58:28 -0800


Started GET "/assets/welcome.js?body=1" for 127.0.0.1 at 2014-03-08 17:58:28 -0800


Started GET "/assets/application.js?body=1" for 127.0.0.1 at 2014-03-08 17:58:28 -0800


Started GET "/assets/application.css?body=1" for 127.0.0.1 at 2014-03-08 17:58:28 -0800


Started GET "/assets/foundation_and_overrides.css?body=1" for 127.0.0.1 at 2014-03-08 17:58:28 -0800


Started GET "/assets/posts.css?body=1" for 127.0.0.1 at 2014-03-08 17:58:28 -0800


Started GET "/assets/scaffolds.css?body=1" for 127.0.0.1 at 2014-03-08 17:58:28 -0800


Started GET "/assets/welcome.css?body=1" for 127.0.0.1 at 2014-03-08 17:58:28 -0800


Started GET "/assets/vendor/custom.modernizr.js?body=1" for 127.0.0.1 at 2014-03-08 17:58:28 -0800


Started GET "/assets/jquery.js?body=1" for 127.0.0.1 at 2014-03-08 17:58:28 -0800


Started GET "/assets/jquery_ujs.js?body=1" for 127.0.0.1 at 2014-03-08 17:58:28 -0800


Started GET "/assets/growing_tree_long.jpg" for 127.0.0.1 at 2014-03-08 17:58:28 -0800


Started GET "/assets/foundation/foundation.js?body=1" for 127.0.0.1 at 2014-03-08 17:58:28 -0800


Started GET "/assets/foundation/foundation.alerts.js?body=1" for 127.0.0.1 at 2014-03-08 17:58:28 -0800


Started GET "/assets/foundation/foundation.clearing.js?body=1" for 127.0.0.1 at 2014-03-08 17:58:28 -0800


Started GET "/assets/foundation/foundation.cookie.js?body=1" for 127.0.0.1 at 2014-03-08 17:58:28 -0800


Started GET "/assets/foundation/foundation.dropdown.js?body=1" for 127.0.0.1 at 2014-03-08 17:58:28 -0800


Started GET "/assets/foundation/foundation.forms.js?body=1" for 127.0.0.1 at 2014-03-08 17:58:28 -0800


Started GET "/assets/foundation/foundation.joyride.js?body=1" for 127.0.0.1 at 2014-03-08 17:58:28 -0800


Started GET "/assets/foundation/foundation.magellan.js?body=1" for 127.0.0.1 at 2014-03-08 17:58:29 -0800


Started GET "/assets/foundation/foundation.orbit.js?body=1" for 127.0.0.1 at 2014-03-08 17:58:29 -0800


Started GET "/assets/foundation/foundation.reveal.js?body=1" for 127.0.0.1 at 2014-03-08 17:58:29 -0800


Started GET "/assets/foundation/foundation.section.js?body=1" for 127.0.0.1 at 2014-03-08 17:58:29 -0800


Started GET "/assets/foundation/foundation.tooltips.js?body=1" for 127.0.0.1 at 2014-03-08 17:58:29 -0800


Started GET "/assets/foundation/foundation.topbar.js?body=1" for 127.0.0.1 at 2014-03-08 17:58:29 -0800


Started GET "/assets/foundation/foundation.interchange.js?body=1" for 127.0.0.1 at 2014-03-08 17:58:29 -0800


Started GET "/assets/foundation/foundation.placeholder.js?body=1" for 127.0.0.1 at 2014-03-08 17:58:29 -0800


Started GET "/assets/foundation/foundation.abide.js?body=1" for 127.0.0.1 at 2014-03-08 17:58:29 -0800


Started GET "/assets/foundation/index.js?body=1" for 127.0.0.1 at 2014-03-08 17:58:29 -0800


Started GET "/assets/turbolinks.js?body=1" for 127.0.0.1 at 2014-03-08 17:58:29 -0800


Started GET "/assets/goals.js?body=1" for 127.0.0.1 at 2014-03-08 17:58:29 -0800


Started GET "/assets/posts.js?body=1" for 127.0.0.1 at 2014-03-08 17:58:29 -0800


Started GET "/assets/welcome.js?body=1" for 127.0.0.1 at 2014-03-08 17:58:29 -0800


Started GET "/assets/application.js?body=1" for 127.0.0.1 at 2014-03-08 17:58:29 -0800
  [1m[36m (127.4ms)[0m  [1mDROP DATABASE IF EXISTS "newyears_test"[0m
  [1m[35m (341.1ms)[0m  CREATE DATABASE "newyears_test" ENCODING = 'unicode'
  [1m[36mSQL (3.3ms)[0m  [1mCREATE EXTENSION IF NOT EXISTS "plpgsql"[0m
  [1m[35m (23.3ms)[0m  CREATE TABLE "goals" ("id" serial primary key, "title" character varying(255), "description" text, "frequency" character varying(255), "created_at" timestamp, "updated_at" timestamp) 
  [1m[36m (3.5ms)[0m  [1mCREATE TABLE "posts" ("id" serial primary key, "title" character varying(255), "body" text, "created_at" timestamp, "updated_at" timestamp) [0m
  [1m[35m (26.3ms)[0m  CREATE TABLE "users" ("id" serial primary key, "email" character varying(255) DEFAULT '' NOT NULL, "encrypted_password" character varying(255) DEFAULT '' NOT NULL, "reset_password_token" character varying(255), "reset_password_sent_at" timestamp, "remember_created_at" timestamp, "sign_in_count" integer DEFAULT 0 NOT NULL, "current_sign_in_at" timestamp, "last_sign_in_at" timestamp, "current_sign_in_ip" character varying(255), "last_sign_in_ip" character varying(255), "created_at" timestamp, "updated_at" timestamp) 
  [1m[36m (1.1ms)[0m  [1mCREATE UNIQUE INDEX "index_users_on_email" ON "users" USING btree ("email")[0m
  [1m[35m (0.8ms)[0m  CREATE UNIQUE INDEX "index_users_on_reset_password_token" ON "users" USING btree ("reset_password_token")
  [1m[36m (6.6ms)[0m  [1mCREATE TABLE "schema_migrations" ("version" character varying(255) NOT NULL) [0m
  [1m[35m (16.8ms)[0m  CREATE UNIQUE INDEX "unique_schema_migrations" ON "schema_migrations" ("version")
  [1m[36m (0.5ms)[0m  [1mSELECT version FROM "schema_migrations"[0m
  [1m[35m (0.6ms)[0m  INSERT INTO "schema_migrations" (version) VALUES ('20140307192128')
  [1m[36m (0.4ms)[0m  [1mINSERT INTO "schema_migrations" (version) VALUES ('20140211230655')[0m
  [1m[35m (0.3ms)[0m  INSERT INTO "schema_migrations" (version) VALUES ('20140303054526')
  [1m[36mActiveRecord::SchemaMigration Load (0.2ms)[0m  [1mSELECT "schema_migrations".* FROM "schema_migrations"[0m
