# Logfile created on 2014-02-27 19:06:03 -0800 by logger.rb/31641
I, [2014-02-27T19:06:03.134313 #10736]  INFO -- : 0:  rake (10.1.1) from /Users/Thomas/.rvm/gems/ruby-1.9.3-p194/specifications/rake-10.1.1.gemspec
I, [2014-02-27T19:06:03.136179 #10736]  INFO -- : 0:  i18n (0.6.9) from /Users/Thomas/.rvm/gems/ruby-1.9.3-p194/specifications/i18n-0.6.9.gemspec
I, [2014-02-27T19:06:03.136751 #10736]  INFO -- : 0:  minitest (4.7.5) from /Users/Thomas/.rvm/gems/ruby-1.9.3-p194/specifications/minitest-4.7.5.gemspec
I, [2014-02-27T19:06:03.143782 #10736]  INFO -- : 0:  multi_json (1.8.4) from /Users/Thomas/.rvm/gems/ruby-1.9.3-p194/specifications/multi_json-1.8.4.gemspec
I, [2014-02-27T19:06:03.144356 #10736]  INFO -- : 0:  atomic (1.1.14) from /Users/Thomas/.rvm/gems/ruby-1.9.3-p194/specifications/atomic-1.1.14.gemspec
I, [2014-02-27T19:06:03.144852 #10736]  INFO -- : 0:  thread_safe (0.1.3) from /Users/Thomas/.rvm/gems/ruby-1.9.3-p194/specifications/thread_safe-0.1.3.gemspec
I, [2014-02-27T19:06:03.145714 #10736]  INFO -- : 0:  tzinfo (0.3.38) from /Users/Thomas/.rvm/gems/ruby-1.9.3-p194/specifications/tzinfo-0.3.38.gemspec
I, [2014-02-27T19:06:03.146293 #10736]  INFO -- : 0:  activesupport (4.0.2) from /Users/Thomas/.rvm/gems/ruby-1.9.3-p194/specifications/activesupport-4.0.2.gemspec
I, [2014-02-27T19:06:03.146840 #10736]  INFO -- : 0:  builder (3.1.4) from /Users/Thomas/.rvm/gems/ruby-1.9.3-p194/specifications/builder-3.1.4.gemspec
I, [2014-02-27T19:06:03.147264 #10736]  INFO -- : 0:  erubis (2.7.0) from /Users/Thomas/.rvm/gems/ruby-1.9.3-p194/specifications/erubis-2.7.0.gemspec
I, [2014-02-27T19:06:03.147675 #10736]  INFO -- : 0:  rack (1.5.2) from /Users/Thomas/.rvm/gems/ruby-1.9.3-p194/specifications/rack-1.5.2.gemspec
I, [2014-02-27T19:06:03.148112 #10736]  INFO -- : 0:  rack-test (0.6.2) from /Users/Thomas/.rvm/gems/ruby-1.9.3-p194/specifications/rack-test-0.6.2.gemspec
I, [2014-02-27T19:06:03.148556 #10736]  INFO -- : 0:  actionpack (4.0.2) from /Users/Thomas/.rvm/gems/ruby-1.9.3-p194/specifications/actionpack-4.0.2.gemspec
I, [2014-02-27T19:06:03.148953 #10736]  INFO -- : 0:  mime-types (1.25.1) from /Users/Thomas/.rvm/gems/ruby-1.9.3-p194/specifications/mime-types-1.25.1.gemspec
I, [2014-02-27T19:06:03.149369 #10736]  INFO -- : 0:  polyglot (0.3.3) from /Users/Thomas/.rvm/gems/ruby-1.9.3-p194/specifications/polyglot-0.3.3.gemspec
I, [2014-02-27T19:06:03.149781 #10736]  INFO -- : 0:  treetop (1.4.15) from /Users/Thomas/.rvm/gems/ruby-1.9.3-p194/specifications/treetop-1.4.15.gemspec
I, [2014-02-27T19:06:03.150180 #10736]  INFO -- : 0:  mail (2.5.4) from /Users/Thomas/.rvm/gems/ruby-1.9.3-p194/specifications/mail-2.5.4.gemspec
I, [2014-02-27T19:06:03.150614 #10736]  INFO -- : 0:  actionmailer (4.0.2) from /Users/Thomas/.rvm/gems/ruby-1.9.3-p194/specifications/actionmailer-4.0.2.gemspec
I, [2014-02-27T19:06:03.151043 #10736]  INFO -- : 0:  activemodel (4.0.2) from /Users/Thomas/.rvm/gems/ruby-1.9.3-p194/specifications/activemodel-4.0.2.gemspec
I, [2014-02-27T19:06:03.151427 #10736]  INFO -- : 0:  activerecord-deprecated_finders (1.0.3) from /Users/Thomas/.rvm/gems/ruby-1.9.3-p194/specifications/activerecord-deprecated_finders-1.0.3.gemspec
I, [2014-02-27T19:06:03.151833 #10736]  INFO -- : 0:  arel (4.0.2) from /Users/Thomas/.rvm/gems/ruby-1.9.3-p194/specifications/arel-4.0.2.gemspec
I, [2014-02-27T19:06:03.152263 #10736]  INFO -- : 0:  activerecord (4.0.2) from /Users/Thomas/.rvm/gems/ruby-1.9.3-p194/specifications/activerecord-4.0.2.gemspec
I, [2014-02-27T19:06:03.152663 #10736]  INFO -- : 0:  addressable (2.3.2) from /Users/Thomas/.rvm/gems/ruby-1.9.3-p194/specifications/addressable-2.3.2.gemspec
I, [2014-02-27T19:06:03.153045 #10736]  INFO -- : 0:  bundler (1.5.1) from /Users/Thomas/.rvm/gems/ruby-1.9.3-p194/specifications/bundler-1.5.1.gemspec
I, [2014-02-27T19:06:03.153439 #10736]  INFO -- : 0:  mini_portile (0.5.2) from /Users/Thomas/.rvm/gems/ruby-1.9.3-p194/specifications/mini_portile-0.5.2.gemspec
I, [2014-02-27T19:06:03.153845 #10736]  INFO -- : 0:  nokogiri (1.6.1) from /Users/Thomas/.rvm/gems/ruby-1.9.3-p194/specifications/nokogiri-1.6.1.gemspec
I, [2014-02-27T19:06:03.154269 #10736]  INFO -- : 0:  xpath (2.0.0) from /Users/Thomas/.rvm/gems/ruby-1.9.3-p194/specifications/xpath-2.0.0.gemspec
I, [2014-02-27T19:06:03.154918 #10736]  INFO -- : 0:  capybara (2.1.0) from /Users/Thomas/.rvm/gems/ruby-1.9.3-p194/specifications/capybara-2.1.0.gemspec
I, [2014-02-27T19:06:03.155434 #10736]  INFO -- : 0:  coffee-script-source (1.7.0) from /Users/Thomas/.rvm/gems/ruby-1.9.3-p194/specifications/coffee-script-source-1.7.0.gemspec
I, [2014-02-27T19:06:03.155912 #10736]  INFO -- : 0:  execjs (2.0.2) from /Users/Thomas/.rvm/gems/ruby-1.9.3-p194/specifications/execjs-2.0.2.gemspec
I, [2014-02-27T19:06:03.156401 #10736]  INFO -- : 0:  coffee-script (2.2.0) from /Users/Thomas/.rvm/gems/ruby-1.9.3-p194/specifications/coffee-script-2.2.0.gemspec
I, [2014-02-27T19:06:03.156876 #10736]  INFO -- : 0:  thor (0.18.1) from /Users/Thomas/.rvm/gems/ruby-1.9.3-p194/specifications/thor-0.18.1.gemspec
I, [2014-02-27T19:06:03.157398 #10736]  INFO -- : 0:  railties (4.0.2) from /Users/Thomas/.rvm/gems/ruby-1.9.3-p194/specifications/railties-4.0.2.gemspec
I, [2014-02-27T19:06:03.157920 #10736]  INFO -- : 0:  coffee-rails (4.0.1) from /Users/Thomas/.rvm/gems/ruby-1.9.3-p194/specifications/coffee-rails-4.0.1.gemspec
I, [2014-02-27T19:06:03.158382 #10736]  INFO -- : 0:  hike (1.2.3) from /Users/Thomas/.rvm/gems/ruby-1.9.3-p194/specifications/hike-1.2.3.gemspec
I, [2014-02-27T19:06:03.158859 #10736]  INFO -- : 0:  jbuilder (1.5.3) from /Users/Thomas/.rvm/gems/ruby-1.9.3-p194/specifications/jbuilder-1.5.3.gemspec
I, [2014-02-27T19:06:03.159335 #10736]  INFO -- : 0:  jquery-rails (3.1.0) from /Users/Thomas/.rvm/gems/ruby-1.9.3-p194/specifications/jquery-rails-3.1.0.gemspec
I, [2014-02-27T19:06:03.159818 #10736]  INFO -- : 0:  json (1.8.1) from /Users/Thomas/.rvm/gems/ruby-1.9.3-p194/specifications/json-1.8.1.gemspec
I, [2014-02-27T19:06:03.160297 #10736]  INFO -- : 0:  launchy (2.1.2) from /Users/Thomas/.rvm/gems/ruby-1.9.3-p194/specifications/launchy-2.1.2.gemspec
I, [2014-02-27T19:06:03.160778 #10736]  INFO -- : 0:  minitest-capybara (0.5.0) from /Users/Thomas/.rvm/gems/ruby-1.9.3-p194/specifications/minitest-capybara-0.5.0.gemspec
I, [2014-02-27T19:06:03.161249 #10736]  INFO -- : 0:  minitest-metadata (0.4.0) from /Users/Thomas/.rvm/gems/ruby-1.9.3-p194/specifications/minitest-metadata-0.4.0.gemspec
I, [2014-02-27T19:06:03.161731 #10736]  INFO -- : 0:  tilt (1.4.1) from /Users/Thomas/.rvm/gems/ruby-1.9.3-p194/specifications/tilt-1.4.1.gemspec
I, [2014-02-27T19:06:03.162326 #10736]  INFO -- : 0:  sprockets (2.10.1) from /Users/Thomas/.rvm/gems/ruby-1.9.3-p194/specifications/sprockets-2.10.1.gemspec
I, [2014-02-27T19:06:03.162881 #10736]  INFO -- : 0:  sprockets-rails (2.0.1) from /Users/Thomas/.rvm/gems/ruby-1.9.3-p194/specifications/sprockets-rails-2.0.1.gemspec
I, [2014-02-27T19:06:03.163556 #10736]  INFO -- : 0:  rails (4.0.2) from /Users/Thomas/.rvm/gems/ruby-1.9.3-p194/specifications/rails-4.0.2.gemspec
I, [2014-02-27T19:06:03.164269 #10736]  INFO -- : 0:  minitest-rails (0.9.2) from /Users/Thomas/.rvm/gems/ruby-1.9.3-p194/specifications/minitest-rails-0.9.2.gemspec
I, [2014-02-27T19:06:03.165014 #10736]  INFO -- : 0:  minitest-rails-capybara (0.10.0) from /Users/Thomas/.rvm/gems/ruby-1.9.3-p194/specifications/minitest-rails-capybara-0.10.0.gemspec
I, [2014-02-27T19:06:03.165767 #10736]  INFO -- : 0:  rdoc (4.1.1) from /Users/Thomas/.rvm/gems/ruby-1.9.3-p194/specifications/rdoc-4.1.1.gemspec
I, [2014-02-27T19:06:03.166543 #10736]  INFO -- : 0:  sass (3.2.14) from /Users/Thomas/.rvm/gems/ruby-1.9.3-p194/specifications/sass-3.2.14.gemspec
I, [2014-02-27T19:06:03.167039 #10736]  INFO -- : 0:  sass-rails (4.0.1) from /Users/Thomas/.rvm/gems/ruby-1.9.3-p194/specifications/sass-rails-4.0.1.gemspec
I, [2014-02-27T19:06:03.167496 #10736]  INFO -- : 0:  sdoc (0.4.0) from /Users/Thomas/.rvm/gems/ruby-1.9.3-p194/specifications/sdoc-0.4.0.gemspec
I, [2014-02-27T19:06:03.167948 #10736]  INFO -- : 0:  sqlite3 (1.3.8) from /Users/Thomas/.rvm/gems/ruby-1.9.3-p194/specifications/sqlite3-1.3.8.gemspec
I, [2014-02-27T19:06:03.168441 #10736]  INFO -- : 0:  turbolinks (2.2.1) from /Users/Thomas/.rvm/gems/ruby-1.9.3-p194/specifications/turbolinks-2.2.1.gemspec
I, [2014-02-27T19:06:03.168899 #10736]  INFO -- : 0:  uglifier (2.4.0) from /Users/Thomas/.rvm/gems/ruby-1.9.3-p194/specifications/uglifier-2.4.0.gemspec
I, [2014-02-27T19:06:03.169382 #10736]  INFO -- : 0:  zurb-foundation (4.3.2) from /Users/Thomas/.rvm/gems/ruby-1.9.3-p194/specifications/zurb-foundation-4.3.2.gemspec
I, [2014-02-27T21:01:25.243067 #10899]  INFO -- : 0:  rake (10.1.1) from /Users/Thomas/.rvm/gems/ruby-1.9.3-p194/specifications/rake-10.1.1.gemspec
I, [2014-02-27T21:01:25.243703 #10899]  INFO -- : 0:  i18n (0.6.9) from /Users/Thomas/.rvm/gems/ruby-1.9.3-p194/specifications/i18n-0.6.9.gemspec
I, [2014-02-27T21:01:25.244111 #10899]  INFO -- : 0:  minitest (4.7.5) from /Users/Thomas/.rvm/gems/ruby-1.9.3-p194/specifications/minitest-4.7.5.gemspec
I, [2014-02-27T21:01:25.244514 #10899]  INFO -- : 0:  multi_json (1.8.4) from /Users/Thomas/.rvm/gems/ruby-1.9.3-p194/specifications/multi_json-1.8.4.gemspec
I, [2014-02-27T21:01:25.244899 #10899]  INFO -- : 0:  atomic (1.1.14) from /Users/Thomas/.rvm/gems/ruby-1.9.3-p194/specifications/atomic-1.1.14.gemspec
I, [2014-02-27T21:01:25.245280 #10899]  INFO -- : 0:  thread_safe (0.1.3) from /Users/Thomas/.rvm/gems/ruby-1.9.3-p194/specifications/thread_safe-0.1.3.gemspec
I, [2014-02-27T21:01:25.245666 #10899]  INFO -- : 0:  tzinfo (0.3.38) from /Users/Thomas/.rvm/gems/ruby-1.9.3-p194/specifications/tzinfo-0.3.38.gemspec
I, [2014-02-27T21:01:25.246075 #10899]  INFO -- : 0:  activesupport (4.0.2) from /Users/Thomas/.rvm/gems/ruby-1.9.3-p194/specifications/activesupport-4.0.2.gemspec
I, [2014-02-27T21:01:25.246481 #10899]  INFO -- : 0:  builder (3.1.4) from /Users/Thomas/.rvm/gems/ruby-1.9.3-p194/specifications/builder-3.1.4.gemspec
I, [2014-02-27T21:01:25.246871 #10899]  INFO -- : 0:  erubis (2.7.0) from /Users/Thomas/.rvm/gems/ruby-1.9.3-p194/specifications/erubis-2.7.0.gemspec
I, [2014-02-27T21:01:25.247275 #10899]  INFO -- : 0:  rack (1.5.2) from /Users/Thomas/.rvm/gems/ruby-1.9.3-p194/specifications/rack-1.5.2.gemspec
I, [2014-02-27T21:01:25.247670 #10899]  INFO -- : 0:  rack-test (0.6.2) from /Users/Thomas/.rvm/gems/ruby-1.9.3-p194/specifications/rack-test-0.6.2.gemspec
I, [2014-02-27T21:01:25.248079 #10899]  INFO -- : 0:  actionpack (4.0.2) from /Users/Thomas/.rvm/gems/ruby-1.9.3-p194/specifications/actionpack-4.0.2.gemspec
I, [2014-02-27T21:01:25.248498 #10899]  INFO -- : 0:  mime-types (1.25.1) from /Users/Thomas/.rvm/gems/ruby-1.9.3-p194/specifications/mime-types-1.25.1.gemspec
I, [2014-02-27T21:01:25.248908 #10899]  INFO -- : 0:  polyglot (0.3.3) from /Users/Thomas/.rvm/gems/ruby-1.9.3-p194/specifications/polyglot-0.3.3.gemspec
I, [2014-02-27T21:01:25.249301 #10899]  INFO -- : 0:  treetop (1.4.15) from /Users/Thomas/.rvm/gems/ruby-1.9.3-p194/specifications/treetop-1.4.15.gemspec
I, [2014-02-27T21:01:25.249685 #10899]  INFO -- : 0:  mail (2.5.4) from /Users/Thomas/.rvm/gems/ruby-1.9.3-p194/specifications/mail-2.5.4.gemspec
I, [2014-02-27T21:01:25.250120 #10899]  INFO -- : 0:  actionmailer (4.0.2) from /Users/Thomas/.rvm/gems/ruby-1.9.3-p194/specifications/actionmailer-4.0.2.gemspec
I, [2014-02-27T21:01:25.250520 #10899]  INFO -- : 0:  activemodel (4.0.2) from /Users/Thomas/.rvm/gems/ruby-1.9.3-p194/specifications/activemodel-4.0.2.gemspec
I, [2014-02-27T21:01:25.250905 #10899]  INFO -- : 0:  activerecord-deprecated_finders (1.0.3) from /Users/Thomas/.rvm/gems/ruby-1.9.3-p194/specifications/activerecord-deprecated_finders-1.0.3.gemspec
I, [2014-02-27T21:01:25.251300 #10899]  INFO -- : 0:  arel (4.0.2) from /Users/Thomas/.rvm/gems/ruby-1.9.3-p194/specifications/arel-4.0.2.gemspec
I, [2014-02-27T21:01:25.251733 #10899]  INFO -- : 0:  activerecord (4.0.2) from /Users/Thomas/.rvm/gems/ruby-1.9.3-p194/specifications/activerecord-4.0.2.gemspec
I, [2014-02-27T21:01:25.252120 #10899]  INFO -- : 0:  addressable (2.3.2) from /Users/Thomas/.rvm/gems/ruby-1.9.3-p194/specifications/addressable-2.3.2.gemspec
I, [2014-02-27T21:01:25.252530 #10899]  INFO -- : 0:  mini_portile (0.5.2) from /Users/Thomas/.rvm/gems/ruby-1.9.3-p194/specifications/mini_portile-0.5.2.gemspec
I, [2014-02-27T21:01:25.252918 #10899]  INFO -- : 0:  nokogiri (1.6.1) from /Users/Thomas/.rvm/gems/ruby-1.9.3-p194/specifications/nokogiri-1.6.1.gemspec
I, [2014-02-27T21:01:25.253311 #10899]  INFO -- : 0:  xpath (2.0.0) from /Users/Thomas/.rvm/gems/ruby-1.9.3-p194/specifications/xpath-2.0.0.gemspec
I, [2014-02-27T21:01:25.253708 #10899]  INFO -- : 0:  capybara (2.1.0) from /Users/Thomas/.rvm/gems/ruby-1.9.3-p194/specifications/capybara-2.1.0.gemspec
I, [2014-02-27T21:01:25.254102 #10899]  INFO -- : 0:  coffee-script-source (1.7.0) from /Users/Thomas/.rvm/gems/ruby-1.9.3-p194/specifications/coffee-script-source-1.7.0.gemspec
I, [2014-02-27T21:01:25.254490 #10899]  INFO -- : 0:  execjs (2.0.2) from /Users/Thomas/.rvm/gems/ruby-1.9.3-p194/specifications/execjs-2.0.2.gemspec
I, [2014-02-27T21:01:25.254872 #10899]  INFO -- : 0:  coffee-script (2.2.0) from /Users/Thomas/.rvm/gems/ruby-1.9.3-p194/specifications/coffee-script-2.2.0.gemspec
I, [2014-02-27T21:01:25.255262 #10899]  INFO -- : 0:  thor (0.18.1) from /Users/Thomas/.rvm/gems/ruby-1.9.3-p194/specifications/thor-0.18.1.gemspec
I, [2014-02-27T21:01:25.255660 #10899]  INFO -- : 0:  railties (4.0.2) from /Users/Thomas/.rvm/gems/ruby-1.9.3-p194/specifications/railties-4.0.2.gemspec
I, [2014-02-27T21:01:25.256049 #10899]  INFO -- : 0:  coffee-rails (4.0.1) from /Users/Thomas/.rvm/gems/ruby-1.9.3-p194/specifications/coffee-rails-4.0.1.gemspec
I, [2014-02-27T21:01:25.256429 #10899]  INFO -- : 0:  hike (1.2.3) from /Users/Thomas/.rvm/gems/ruby-1.9.3-p194/specifications/hike-1.2.3.gemspec
I, [2014-02-27T21:01:25.256809 #10899]  INFO -- : 0:  jbuilder (1.5.3) from /Users/Thomas/.rvm/gems/ruby-1.9.3-p194/specifications/jbuilder-1.5.3.gemspec
I, [2014-02-27T21:01:25.262959 #10899]  INFO -- : 0:  jquery-rails (3.1.0) from /Users/Thomas/.rvm/gems/ruby-1.9.3-p194/specifications/jquery-rails-3.1.0.gemspec
I, [2014-02-27T21:01:25.263517 #10899]  INFO -- : 0:  json (1.8.1) from /Users/Thomas/.rvm/gems/ruby-1.9.3-p194/specifications/json-1.8.1.gemspec
I, [2014-02-27T21:01:25.263930 #10899]  INFO -- : 0:  launchy (2.1.2) from /Users/Thomas/.rvm/gems/ruby-1.9.3-p194/specifications/launchy-2.1.2.gemspec
I, [2014-02-27T21:01:25.264347 #10899]  INFO -- : 0:  minitest-capybara (0.5.0) from /Users/Thomas/.rvm/gems/ruby-1.9.3-p194/specifications/minitest-capybara-0.5.0.gemspec
I, [2014-02-27T21:01:25.264761 #10899]  INFO -- : 0:  minitest-metadata (0.4.0) from /Users/Thomas/.rvm/gems/ruby-1.9.3-p194/specifications/minitest-metadata-0.4.0.gemspec
I, [2014-02-27T21:01:25.265157 #10899]  INFO -- : 0:  bundler (1.5.1) from /Users/Thomas/.rvm/gems/ruby-1.9.3-p194/specifications/bundler-1.5.1.gemspec
I, [2014-02-27T21:01:25.265573 #10899]  INFO -- : 0:  tilt (1.4.1) from /Users/Thomas/.rvm/gems/ruby-1.9.3-p194/specifications/tilt-1.4.1.gemspec
I, [2014-02-27T21:01:25.266011 #10899]  INFO -- : 0:  sprockets (2.10.1) from /Users/Thomas/.rvm/gems/ruby-1.9.3-p194/specifications/sprockets-2.10.1.gemspec
I, [2014-02-27T21:01:25.266401 #10899]  INFO -- : 0:  sprockets-rails (2.0.1) from /Users/Thomas/.rvm/gems/ruby-1.9.3-p194/specifications/sprockets-rails-2.0.1.gemspec
I, [2014-02-27T21:01:25.266919 #10899]  INFO -- : 0:  rails (4.0.2) from /Users/Thomas/.rvm/gems/ruby-1.9.3-p194/specifications/rails-4.0.2.gemspec
I, [2014-02-27T21:01:25.267443 #10899]  INFO -- : 0:  minitest-rails (0.9.2) from /Users/Thomas/.rvm/gems/ruby-1.9.3-p194/specifications/minitest-rails-0.9.2.gemspec
I, [2014-02-27T21:01:25.267931 #10899]  INFO -- : 0:  minitest-rails-capybara (0.10.0) from /Users/Thomas/.rvm/gems/ruby-1.9.3-p194/specifications/minitest-rails-capybara-0.10.0.gemspec
I, [2014-02-27T21:01:25.268401 #10899]  INFO -- : 0:  rdoc (4.1.1) from /Users/Thomas/.rvm/gems/ruby-1.9.3-p194/specifications/rdoc-4.1.1.gemspec
I, [2014-02-27T21:01:25.268907 #10899]  INFO -- : 0:  sass (3.2.14) from /Users/Thomas/.rvm/gems/ruby-1.9.3-p194/specifications/sass-3.2.14.gemspec
I, [2014-02-27T21:01:25.269428 #10899]  INFO -- : 0:  sass-rails (4.0.1) from /Users/Thomas/.rvm/gems/ruby-1.9.3-p194/specifications/sass-rails-4.0.1.gemspec
I, [2014-02-27T21:01:25.269890 #10899]  INFO -- : 0:  sdoc (0.4.0) from /Users/Thomas/.rvm/gems/ruby-1.9.3-p194/specifications/sdoc-0.4.0.gemspec
I, [2014-02-27T21:01:25.270374 #10899]  INFO -- : 0:  sqlite3 (1.3.8) from /Users/Thomas/.rvm/gems/ruby-1.9.3-p194/specifications/sqlite3-1.3.8.gemspec
I, [2014-02-27T21:01:25.270855 #10899]  INFO -- : 0:  turbolinks (2.2.1) from /Users/Thomas/.rvm/gems/ruby-1.9.3-p194/specifications/turbolinks-2.2.1.gemspec
I, [2014-02-27T21:01:25.271333 #10899]  INFO -- : 0:  uglifier (2.4.0) from /Users/Thomas/.rvm/gems/ruby-1.9.3-p194/specifications/uglifier-2.4.0.gemspec
I, [2014-02-27T21:01:25.271805 #10899]  INFO -- : 0:  zurb-foundation (4.3.2) from /Users/Thomas/.rvm/gems/ruby-1.9.3-p194/specifications/zurb-foundation-4.3.2.gemspec
I, [2014-03-07T11:10:21.080643 #15997]  INFO -- : 0:  rake (10.1.1) from /Users/Thomas/.rvm/gems/ruby-1.9.3-p194/specifications/rake-10.1.1.gemspec
I, [2014-03-07T11:10:21.083010 #15997]  INFO -- : 0:  i18n (0.6.9) from /Users/Thomas/.rvm/gems/ruby-1.9.3-p194/specifications/i18n-0.6.9.gemspec
I, [2014-03-07T11:10:21.083692 #15997]  INFO -- : 0:  minitest (4.7.5) from /Users/Thomas/.rvm/gems/ruby-1.9.3-p194/specifications/minitest-4.7.5.gemspec
I, [2014-03-07T11:10:21.084355 #15997]  INFO -- : 0:  multi_json (1.8.4) from /Users/Thomas/.rvm/gems/ruby-1.9.3-p194/specifications/multi_json-1.8.4.gemspec
I, [2014-03-07T11:10:21.084937 #15997]  INFO -- : 0:  atomic (1.1.14) from /Users/Thomas/.rvm/gems/ruby-1.9.3-p194/specifications/atomic-1.1.14.gemspec
I, [2014-03-07T11:10:21.085424 #15997]  INFO -- : 0:  thread_safe (0.1.3) from /Users/Thomas/.rvm/gems/ruby-1.9.3-p194/specifications/thread_safe-0.1.3.gemspec
I, [2014-03-07T11:10:21.085864 #15997]  INFO -- : 0:  tzinfo (0.3.38) from /Users/Thomas/.rvm/gems/ruby-1.9.3-p194/specifications/tzinfo-0.3.38.gemspec
I, [2014-03-07T11:10:21.086352 #15997]  INFO -- : 0:  activesupport (4.0.2) from /Users/Thomas/.rvm/gems/ruby-1.9.3-p194/specifications/activesupport-4.0.2.gemspec
I, [2014-03-07T11:10:21.086816 #15997]  INFO -- : 0:  builder (3.1.4) from /Users/Thomas/.rvm/gems/ruby-1.9.3-p194/specifications/builder-3.1.4.gemspec
I, [2014-03-07T11:10:21.087271 #15997]  INFO -- : 0:  erubis (2.7.0) from /Users/Thomas/.rvm/gems/ruby-1.9.3-p194/specifications/erubis-2.7.0.gemspec
I, [2014-03-07T11:10:21.087732 #15997]  INFO -- : 0:  rack (1.5.2) from /Users/Thomas/.rvm/gems/ruby-1.9.3-p194/specifications/rack-1.5.2.gemspec
I, [2014-03-07T11:10:21.088188 #15997]  INFO -- : 0:  rack-test (0.6.2) from /Users/Thomas/.rvm/gems/ruby-1.9.3-p194/specifications/rack-test-0.6.2.gemspec
I, [2014-03-07T11:10:21.088657 #15997]  INFO -- : 0:  actionpack (4.0.2) from /Users/Thomas/.rvm/gems/ruby-1.9.3-p194/specifications/actionpack-4.0.2.gemspec
I, [2014-03-07T11:10:21.089111 #15997]  INFO -- : 0:  mime-types (1.25.1) from /Users/Thomas/.rvm/gems/ruby-1.9.3-p194/specifications/mime-types-1.25.1.gemspec
I, [2014-03-07T11:10:21.089565 #15997]  INFO -- : 0:  polyglot (0.3.3) from /Users/Thomas/.rvm/gems/ruby-1.9.3-p194/specifications/polyglot-0.3.3.gemspec
I, [2014-03-07T11:10:21.090037 #15997]  INFO -- : 0:  treetop (1.4.15) from /Users/Thomas/.rvm/gems/ruby-1.9.3-p194/specifications/treetop-1.4.15.gemspec
I, [2014-03-07T11:10:21.090593 #15997]  INFO -- : 0:  mail (2.5.4) from /Users/Thomas/.rvm/gems/ruby-1.9.3-p194/specifications/mail-2.5.4.gemspec
I, [2014-03-07T11:10:21.091080 #15997]  INFO -- : 0:  actionmailer (4.0.2) from /Users/Thomas/.rvm/gems/ruby-1.9.3-p194/specifications/actionmailer-4.0.2.gemspec
I, [2014-03-07T11:10:21.091648 #15997]  INFO -- : 0:  activemodel (4.0.2) from /Users/Thomas/.rvm/gems/ruby-1.9.3-p194/specifications/activemodel-4.0.2.gemspec
I, [2014-03-07T11:10:21.092117 #15997]  INFO -- : 0:  activerecord-deprecated_finders (1.0.3) from /Users/Thomas/.rvm/gems/ruby-1.9.3-p194/specifications/activerecord-deprecated_finders-1.0.3.gemspec
I, [2014-03-07T11:10:21.092591 #15997]  INFO -- : 0:  arel (4.0.2) from /Users/Thomas/.rvm/gems/ruby-1.9.3-p194/specifications/arel-4.0.2.gemspec
I, [2014-03-07T11:10:21.093083 #15997]  INFO -- : 0:  activerecord (4.0.2) from /Users/Thomas/.rvm/gems/ruby-1.9.3-p194/specifications/activerecord-4.0.2.gemspec
I, [2014-03-07T11:10:21.093531 #15997]  INFO -- : 0:  addressable (2.3.2) from /Users/Thomas/.rvm/gems/ruby-1.9.3-p194/specifications/addressable-2.3.2.gemspec
I, [2014-03-07T11:10:23.607620 #15997]  INFO -- : 0:  bcrypt (3.1.7) from /Users/Thomas/.rvm/gems/ruby-1.9.3-p194/specifications/bcrypt-3.1.7.gemspec
I, [2014-03-07T11:10:24.660526 #15997]  INFO -- : 0:  bcrypt-ruby (3.1.5) from /Users/Thomas/.rvm/gems/ruby-1.9.3-p194/specifications/bcrypt-ruby-3.1.5.gemspec
I, [2014-03-07T11:10:24.661215 #15997]  INFO -- : 0:  bundler (1.5.1) from /Users/Thomas/.rvm/gems/ruby-1.9.3-p194/specifications/bundler-1.5.1.gemspec
I, [2014-03-07T11:10:24.661736 #15997]  INFO -- : 0:  mini_portile (0.5.2) from /Users/Thomas/.rvm/gems/ruby-1.9.3-p194/specifications/mini_portile-0.5.2.gemspec
I, [2014-03-07T11:10:24.662319 #15997]  INFO -- : 0:  nokogiri (1.6.1) from /Users/Thomas/.rvm/gems/ruby-1.9.3-p194/specifications/nokogiri-1.6.1.gemspec
I, [2014-03-07T11:10:24.662778 #15997]  INFO -- : 0:  xpath (2.0.0) from /Users/Thomas/.rvm/gems/ruby-1.9.3-p194/specifications/xpath-2.0.0.gemspec
I, [2014-03-07T11:10:24.663229 #15997]  INFO -- : 0:  capybara (2.1.0) from /Users/Thomas/.rvm/gems/ruby-1.9.3-p194/specifications/capybara-2.1.0.gemspec
I, [2014-03-07T11:10:24.663680 #15997]  INFO -- : 0:  coffee-script-source (1.7.0) from /Users/Thomas/.rvm/gems/ruby-1.9.3-p194/specifications/coffee-script-source-1.7.0.gemspec
I, [2014-03-07T11:10:24.664118 #15997]  INFO -- : 0:  execjs (2.0.2) from /Users/Thomas/.rvm/gems/ruby-1.9.3-p194/specifications/execjs-2.0.2.gemspec
I, [2014-03-07T11:10:24.664567 #15997]  INFO -- : 0:  coffee-script (2.2.0) from /Users/Thomas/.rvm/gems/ruby-1.9.3-p194/specifications/coffee-script-2.2.0.gemspec
I, [2014-03-07T11:10:24.665018 #15997]  INFO -- : 0:  thor (0.18.1) from /Users/Thomas/.rvm/gems/ruby-1.9.3-p194/specifications/thor-0.18.1.gemspec
I, [2014-03-07T11:10:24.665483 #15997]  INFO -- : 0:  railties (4.0.2) from /Users/Thomas/.rvm/gems/ruby-1.9.3-p194/specifications/railties-4.0.2.gemspec
I, [2014-03-07T11:10:24.666131 #15997]  INFO -- : 0:  coffee-rails (4.0.1) from /Users/Thomas/.rvm/gems/ruby-1.9.3-p194/specifications/coffee-rails-4.0.1.gemspec
I, [2014-03-07T11:10:25.548956 #15997]  INFO -- : 0:  orm_adapter (0.5.0) from /Users/Thomas/.rvm/gems/ruby-1.9.3-p194/specifications/orm_adapter-0.5.0.gemspec
I, [2014-03-07T11:10:26.644303 #15997]  INFO -- : 0:  warden (1.2.3) from /Users/Thomas/.rvm/gems/ruby-1.9.3-p194/specifications/warden-1.2.3.gemspec
I, [2014-03-07T11:10:27.590509 #15997]  INFO -- : 0:  devise (3.2.3) from /Users/Thomas/.rvm/gems/ruby-1.9.3-p194/specifications/devise-3.2.3.gemspec
I, [2014-03-07T11:10:27.591207 #15997]  INFO -- : 0:  hike (1.2.3) from /Users/Thomas/.rvm/gems/ruby-1.9.3-p194/specifications/hike-1.2.3.gemspec
I, [2014-03-07T11:10:27.591627 #15997]  INFO -- : 0:  jbuilder (1.5.3) from /Users/Thomas/.rvm/gems/ruby-1.9.3-p194/specifications/jbuilder-1.5.3.gemspec
I, [2014-03-07T11:10:27.592043 #15997]  INFO -- : 0:  jquery-rails (3.1.0) from /Users/Thomas/.rvm/gems/ruby-1.9.3-p194/specifications/jquery-rails-3.1.0.gemspec
I, [2014-03-07T11:10:27.592448 #15997]  INFO -- : 0:  json (1.8.1) from /Users/Thomas/.rvm/gems/ruby-1.9.3-p194/specifications/json-1.8.1.gemspec
I, [2014-03-07T11:10:27.592836 #15997]  INFO -- : 0:  launchy (2.1.2) from /Users/Thomas/.rvm/gems/ruby-1.9.3-p194/specifications/launchy-2.1.2.gemspec
I, [2014-03-07T11:10:27.593329 #15997]  INFO -- : 0:  minitest-capybara (0.5.0) from /Users/Thomas/.rvm/gems/ruby-1.9.3-p194/specifications/minitest-capybara-0.5.0.gemspec
I, [2014-03-07T11:10:27.593730 #15997]  INFO -- : 0:  minitest-metadata (0.4.0) from /Users/Thomas/.rvm/gems/ruby-1.9.3-p194/specifications/minitest-metadata-0.4.0.gemspec
I, [2014-03-07T11:10:27.594124 #15997]  INFO -- : 0:  tilt (1.4.1) from /Users/Thomas/.rvm/gems/ruby-1.9.3-p194/specifications/tilt-1.4.1.gemspec
I, [2014-03-07T11:10:27.594547 #15997]  INFO -- : 0:  sprockets (2.10.1) from /Users/Thomas/.rvm/gems/ruby-1.9.3-p194/specifications/sprockets-2.10.1.gemspec
I, [2014-03-07T11:10:27.594935 #15997]  INFO -- : 0:  sprockets-rails (2.0.1) from /Users/Thomas/.rvm/gems/ruby-1.9.3-p194/specifications/sprockets-rails-2.0.1.gemspec
I, [2014-03-07T11:10:27.595344 #15997]  INFO -- : 0:  rails (4.0.2) from /Users/Thomas/.rvm/gems/ruby-1.9.3-p194/specifications/rails-4.0.2.gemspec
I, [2014-03-07T11:10:27.595735 #15997]  INFO -- : 0:  minitest-rails (0.9.2) from /Users/Thomas/.rvm/gems/ruby-1.9.3-p194/specifications/minitest-rails-0.9.2.gemspec
I, [2014-03-07T11:10:27.596202 #15997]  INFO -- : 0:  minitest-rails-capybara (0.10.0) from /Users/Thomas/.rvm/gems/ruby-1.9.3-p194/specifications/minitest-rails-capybara-0.10.0.gemspec
I, [2014-03-07T11:10:27.596595 #15997]  INFO -- : 0:  rdoc (4.1.1) from /Users/Thomas/.rvm/gems/ruby-1.9.3-p194/specifications/rdoc-4.1.1.gemspec
I, [2014-03-07T11:10:27.596986 #15997]  INFO -- : 0:  sass (3.2.14) from /Users/Thomas/.rvm/gems/ruby-1.9.3-p194/specifications/sass-3.2.14.gemspec
I, [2014-03-07T11:10:27.597380 #15997]  INFO -- : 0:  sass-rails (4.0.1) from /Users/Thomas/.rvm/gems/ruby-1.9.3-p194/specifications/sass-rails-4.0.1.gemspec
I, [2014-03-07T11:10:27.598127 #15997]  INFO -- : 0:  sdoc (0.4.0) from /Users/Thomas/.rvm/gems/ruby-1.9.3-p194/specifications/sdoc-0.4.0.gemspec
I, [2014-03-07T11:10:27.598922 #15997]  INFO -- : 0:  sqlite3 (1.3.8) from /Users/Thomas/.rvm/gems/ruby-1.9.3-p194/specifications/sqlite3-1.3.8.gemspec
I, [2014-03-07T11:10:27.599676 #15997]  INFO -- : 0:  turbolinks (2.2.1) from /Users/Thomas/.rvm/gems/ruby-1.9.3-p194/specifications/turbolinks-2.2.1.gemspec
I, [2014-03-07T11:10:27.600409 #15997]  INFO -- : 0:  uglifier (2.4.0) from /Users/Thomas/.rvm/gems/ruby-1.9.3-p194/specifications/uglifier-2.4.0.gemspec
I, [2014-03-07T11:10:27.601138 #15997]  INFO -- : 0:  zurb-foundation (4.3.2) from /Users/Thomas/.rvm/gems/ruby-1.9.3-p194/specifications/zurb-foundation-4.3.2.gemspec
